2022-05-10 15:53:47.667 INFO [restartedMain]c.coachingmate.CoachingmateApplication.logStarting:55 -Starting CoachingmateApplication on MS-DFYHKQKTLJZZ with PID 19344 (D:\ProgramProject\Java\lk-redback\target\classes started by Administrator in D:\ProgramProject\Java\lk-redback)
2022-05-10 15:53:47.670 INFO [restartedMain]c.coachingmate.CoachingmateApplication.logStartupProfileInfo:655 -The following profiles are active: dev
2022-05-10 15:53:47.725 INFO [restartedMain]o.s.b.devtools.env.DevToolsPropertyDefaultsPostProcessor.logTo:225 -Devtools property defaults active! Set 'spring.devtools.add-properties' to 'false' to disable
2022-05-10 15:53:47.725 INFO [restartedMain]o.s.b.devtools.env.DevToolsPropertyDefaultsPostProcessor.logTo:225 -For additional web related logging consider setting the 'logging.level.web' property to 'DEBUG'
2022-05-10 15:53:48.599 INFO [restartedMain]o.s.d.repository.config.RepositoryConfigurationDelegate.registerRepositoriesIn:127 -Bootstrapping Spring Data MongoDB repositories in DEFAULT mode.
2022-05-10 15:53:48.620 INFO [restartedMain]o.s.d.repository.config.RepositoryConfigurationDelegate.registerRepositoriesIn:187 -Finished Spring Data repository scanning in 15ms. Found 0 MongoDB repository interfaces.
2022-05-10 15:53:49.313 INFO [restartedMain]o.s.boot.web.embedded.tomcat.TomcatWebServer.initialize:108 -Tomcat initialized with port(s): 8080 (http)
2022-05-10 15:53:49.321 INFO [restartedMain]org.apache.coyote.http11.Http11NioProtocol.log:173 -Initializing ProtocolHandler ["http-nio-8080"]
2022-05-10 15:53:49.321 INFO [restartedMain]org.apache.catalina.core.StandardService.log:173 -Starting service [Tomcat]
2022-05-10 15:53:49.321 INFO [restartedMain]org.apache.catalina.core.StandardEngine.log:173 -Starting Servlet engine: [Apache Tomcat/9.0.37]
2022-05-10 15:53:49.396 INFO [restartedMain]o.a.catalina.core.ContainerBase.[Tomcat].[localhost].[/].log:173 -Initializing Spring embedded WebApplicationContext
2022-05-10 15:53:49.397 INFO [restartedMain]o.s.b.w.s.context.ServletWebServerApplicationContext.prepareWebApplicationContext:285 -Root WebApplicationContext: initialization completed in 1671 ms
2022-05-10 15:53:49.558 INFO [restartedMain]org.mongodb.driver.cluster.info:71 -Cluster created with settings {hosts=[127.0.0.1:27017], srvHost=cluster0.9yat6.mongodb.net, mode=MULTIPLE, requiredClusterType=REPLICA_SET, serverSelectionTimeout='30000 ms', requiredReplicaSetName='atlas-426ffk-shard-0'}
2022-05-10 15:53:49.571 INFO [cluster-ClusterId{value='6279fded70c47f67644ba067', description='null'}-srv-cluster0.9yat6.mongodb.net]org.mongodb.driver.cluster.info:71 -Adding discovered server cluster0-shard-00-02.9yat6.mongodb.net:27017 to client view of cluster
2022-05-10 15:53:49.604 INFO [cluster-ClusterId{value='6279fded70c47f67644ba067', description='null'}-srv-cluster0.9yat6.mongodb.net]org.mongodb.driver.cluster.info:71 -Adding discovered server cluster0-shard-00-01.9yat6.mongodb.net:27017 to client view of cluster
2022-05-10 15:53:49.605 INFO [cluster-ClusterId{value='6279fded70c47f67644ba067', description='null'}-srv-cluster0.9yat6.mongodb.net]org.mongodb.driver.cluster.info:71 -Adding discovered server cluster0-shard-00-00.9yat6.mongodb.net:27017 to client view of cluster
2022-05-10 15:53:50.133 INFO [cluster-ClusterId{value='6279fded70c47f67644ba067', description='null'}-cluster0-shard-00-01.9yat6.mongodb.net:27017]org.mongodb.driver.connection.info:71 -Opened connection [connectionId{localValue:2, serverValue:301798}] to cluster0-shard-00-01.9yat6.mongodb.net:27017
2022-05-10 15:53:50.133 INFO [cluster-ClusterId{value='6279fded70c47f67644ba067', description='null'}-cluster0-shard-00-00.9yat6.mongodb.net:27017]org.mongodb.driver.connection.info:71 -Opened connection [connectionId{localValue:1, serverValue:302305}] to cluster0-shard-00-00.9yat6.mongodb.net:27017
2022-05-10 15:53:50.133 INFO [cluster-ClusterId{value='6279fded70c47f67644ba067', description='null'}-cluster0-shard-00-02.9yat6.mongodb.net:27017]org.mongodb.driver.connection.info:71 -Opened connection [connectionId{localValue:3, serverValue:305479}] to cluster0-shard-00-02.9yat6.mongodb.net:27017
2022-05-10 15:53:50.154 INFO [cluster-ClusterId{value='6279fded70c47f67644ba067', description='null'}-cluster0-shard-00-02.9yat6.mongodb.net:27017]org.mongodb.driver.cluster.info:71 -Monitor thread successfully connected to server with description ServerDescription{address=cluster0-shard-00-02.9yat6.mongodb.net:27017, type=REPLICA_SET_PRIMARY, state=CONNECTED, ok=true, minWireVersion=0, maxWireVersion=13, maxDocumentSize=16777216, logicalSessionTimeoutMinutes=30, roundTripTimeNanos=19339400, setName='atlas-426ffk-shard-0', canonicalAddress=cluster0-shard-00-02.9yat6.mongodb.net:27017, hosts=[cluster0-shard-00-02.9yat6.mongodb.net:27017, cluster0-shard-00-00.9yat6.mongodb.net:27017, cluster0-shard-00-01.9yat6.mongodb.net:27017], passives=[], arbiters=[], primary='cluster0-shard-00-02.9yat6.mongodb.net:27017', tagSet=TagSet{[Tag{name='nodeType', value='ELECTABLE'}, Tag{name='provider', value='AWS'}, Tag{name='region', value='AP_SOUTHEAST_2'}, Tag{name='workloadType', value='OPERATIONAL'}]}, electionId=7fffffff000000000000003f, setVersion=6, lastWriteDate=Tue May 10 15:53:50 AEST 2022, lastUpdateTimeNanos=26504648263900}
2022-05-10 15:53:50.154 INFO [cluster-ClusterId{value='6279fded70c47f67644ba067', description='null'}-cluster0-shard-00-01.9yat6.mongodb.net:27017]org.mongodb.driver.cluster.info:71 -Monitor thread successfully connected to server with description ServerDescription{address=cluster0-shard-00-01.9yat6.mongodb.net:27017, type=REPLICA_SET_SECONDARY, state=CONNECTED, ok=true, minWireVersion=0, maxWireVersion=13, maxDocumentSize=16777216, logicalSessionTimeoutMinutes=30, roundTripTimeNanos=18164200, setName='atlas-426ffk-shard-0', canonicalAddress=cluster0-shard-00-01.9yat6.mongodb.net:27017, hosts=[cluster0-shard-00-02.9yat6.mongodb.net:27017, cluster0-shard-00-00.9yat6.mongodb.net:27017, cluster0-shard-00-01.9yat6.mongodb.net:27017], passives=[], arbiters=[], primary='cluster0-shard-00-02.9yat6.mongodb.net:27017', tagSet=TagSet{[Tag{name='nodeType', value='ELECTABLE'}, Tag{name='provider', value='AWS'}, Tag{name='region', value='AP_SOUTHEAST_2'}, Tag{name='workloadType', value='OPERATIONAL'}]}, electionId=null, setVersion=6, lastWriteDate=Tue May 10 15:53:50 AEST 2022, lastUpdateTimeNanos=26504647729500}
2022-05-10 15:53:50.154 INFO [cluster-ClusterId{value='6279fded70c47f67644ba067', description='null'}-cluster0-shard-00-00.9yat6.mongodb.net:27017]org.mongodb.driver.cluster.info:71 -Monitor thread successfully connected to server with description ServerDescription{address=cluster0-shard-00-00.9yat6.mongodb.net:27017, type=REPLICA_SET_SECONDARY, state=CONNECTED, ok=true, minWireVersion=0, maxWireVersion=13, maxDocumentSize=16777216, logicalSessionTimeoutMinutes=30, roundTripTimeNanos=18927800, setName='atlas-426ffk-shard-0', canonicalAddress=cluster0-shard-00-00.9yat6.mongodb.net:27017, hosts=[cluster0-shard-00-02.9yat6.mongodb.net:27017, cluster0-shard-00-00.9yat6.mongodb.net:27017, cluster0-shard-00-01.9yat6.mongodb.net:27017], passives=[], arbiters=[], primary='cluster0-shard-00-02.9yat6.mongodb.net:27017', tagSet=TagSet{[Tag{name='nodeType', value='ELECTABLE'}, Tag{name='provider', value='AWS'}, Tag{name='region', value='AP_SOUTHEAST_2'}, Tag{name='workloadType', value='OPERATIONAL'}]}, electionId=null, setVersion=6, lastWriteDate=Tue May 10 15:53:50 AEST 2022, lastUpdateTimeNanos=26504647854700}
2022-05-10 15:53:50.156 INFO [cluster-ClusterId{value='6279fded70c47f67644ba067', description='null'}-cluster0-shard-00-02.9yat6.mongodb.net:27017]org.mongodb.driver.cluster.info:71 -Setting max election id to 7fffffff000000000000003f from replica set primary cluster0-shard-00-02.9yat6.mongodb.net:27017
2022-05-10 15:53:50.156 INFO [cluster-ClusterId{value='6279fded70c47f67644ba067', description='null'}-cluster0-shard-00-02.9yat6.mongodb.net:27017]org.mongodb.driver.cluster.info:71 -Setting max set version to 6 from replica set primary cluster0-shard-00-02.9yat6.mongodb.net:27017
2022-05-10 15:53:50.156 INFO [cluster-ClusterId{value='6279fded70c47f67644ba067', description='null'}-cluster0-shard-00-02.9yat6.mongodb.net:27017]org.mongodb.driver.cluster.info:71 -Discovered replica set primary cluster0-shard-00-02.9yat6.mongodb.net:27017
2022-05-10 15:53:50.508 INFO [restartedMain]s.d.s.web.PropertySourcedRequestMappingHandlerMapping.initHandlerMethods:69 -Mapped URL path [/v2/api-docs] onto method [springfox.documentation.swagger2.web.Swagger2Controller#getDocumentation(String, HttpServletRequest)]
2022-05-10 15:53:50.668 INFO [restartedMain]o.s.scheduling.concurrent.ThreadPoolTaskExecutor.initialize:181 -Initializing ExecutorService 'applicationTaskExecutor'
2022-05-10 15:53:50.735 INFO [restartedMain]o.s.boot.devtools.autoconfigure.OptionalLiveReloadServer.startServer:58 -LiveReload server is running on port 35729
2022-05-10 15:53:50.767 INFO [restartedMain]o.s.b.a.web.servlet.WelcomePageHandlerMapping.<init>:58 -Adding welcome page template: index
2022-05-10 15:53:50.940 INFO [restartedMain]org.apache.coyote.http11.Http11NioProtocol.log:173 -Starting ProtocolHandler ["http-nio-8080"]
2022-05-10 15:53:50.966 INFO [restartedMain]o.s.boot.web.embedded.tomcat.TomcatWebServer.start:220 -Tomcat started on port(s): 8080 (http) with context path ''
2022-05-10 15:53:50.967 INFO [restartedMain]s.d.spring.web.plugins.DocumentationPluginsBootstrapper.start:160 -Context refreshed
2022-05-10 15:53:50.983 INFO [restartedMain]s.d.spring.web.plugins.DocumentationPluginsBootstrapper.start:163 -Found 1 custom documentation plugin(s)
2022-05-10 15:53:51.004 INFO [restartedMain]s.d.spring.web.scanners.ApiListingReferenceScanner.scan:41 -Scanning for api listing references
2022-05-10 15:53:51.183 INFO [restartedMain]c.coachingmate.CoachingmateApplication.logStarted:61 -Started CoachingmateApplication in 4.442 seconds (JVM running for 5.61)
2022-05-10 15:54:35.099 INFO [http-nio-8080-exec-1]o.a.catalina.core.ContainerBase.[Tomcat].[localhost].[/].log:173 -Initializing Spring DispatcherServlet 'dispatcherServlet'
2022-05-10 15:54:35.100 INFO [http-nio-8080-exec-1]org.springframework.web.servlet.DispatcherServlet.initServletBean:525 -Initializing Servlet 'dispatcherServlet'
2022-05-10 15:54:35.108 INFO [http-nio-8080-exec-1]org.springframework.web.servlet.DispatcherServlet.initServletBean:547 -Completed initialization in 8 ms
2022-05-10 15:54:35.130 INFO [http-nio-8080-exec-1]c.coachingmate.intercepter.SessionIntercepter.preHandle:21 -intercepter for all request
2022-05-10 15:54:35.191 INFO [http-nio-8080-exec-2]c.coachingmate.intercepter.SessionIntercepter.preHandle:21 -intercepter for all request
2022-05-10 15:54:35.192 INFO [http-nio-8080-exec-3]c.coachingmate.intercepter.SessionIntercepter.preHandle:21 -intercepter for all request
2022-05-10 15:54:35.195 INFO [http-nio-8080-exec-5]c.coachingmate.intercepter.SessionIntercepter.preHandle:21 -intercepter for all request
2022-05-10 15:54:35.195 INFO [http-nio-8080-exec-6]c.coachingmate.intercepter.SessionIntercepter.preHandle:21 -intercepter for all request
2022-05-10 15:54:35.195 INFO [http-nio-8080-exec-4]c.coachingmate.intercepter.SessionIntercepter.preHandle:21 -intercepter for all request
2022-05-10 15:54:35.489 INFO [http-nio-8080-exec-7]c.coachingmate.intercepter.SessionIntercepter.preHandle:21 -intercepter for all request
2022-05-10 15:54:35.492 INFO [http-nio-8080-exec-8]c.coachingmate.intercepter.SessionIntercepter.preHandle:21 -intercepter for all request
2022-05-10 15:54:35.560 INFO [http-nio-8080-exec-10]c.coachingmate.intercepter.SessionIntercepter.preHandle:21 -intercepter for all request
2022-05-10 15:54:35.576 INFO [http-nio-8080-exec-2]c.coachingmate.intercepter.SessionIntercepter.preHandle:21 -intercepter for all request
2022-05-10 15:54:35.619 INFO [http-nio-8080-exec-6]c.coachingmate.intercepter.SessionIntercepter.preHandle:21 -intercepter for all request
2022-05-10 15:54:35.620 INFO [http-nio-8080-exec-5]c.coachingmate.intercepter.SessionIntercepter.preHandle:21 -intercepter for all request
2022-05-10 15:54:35.627 INFO [http-nio-8080-exec-5]c.coachingmate.intercepter.SessionIntercepter.preHandle:21 -intercepter for all request
2022-05-10 15:54:35.662 INFO [http-nio-8080-exec-7]c.coachingmate.intercepter.SessionIntercepter.preHandle:21 -intercepter for all request
2022-05-10 15:54:35.665 INFO [http-nio-8080-exec-8]c.coachingmate.intercepter.SessionIntercepter.preHandle:21 -intercepter for all request
2022-05-10 15:54:35.669 INFO [http-nio-8080-exec-8]c.coachingmate.intercepter.SessionIntercepter.preHandle:21 -intercepter for all request
2022-05-10 15:54:35.862 INFO [http-nio-8080-exec-9]c.coachingmate.intercepter.SessionIntercepter.preHandle:21 -intercepter for all request
2022-05-10 15:54:35.862 INFO [http-nio-8080-exec-10]c.coachingmate.intercepter.SessionIntercepter.preHandle:21 -intercepter for all request
2022-05-10 15:54:35.862 INFO [http-nio-8080-exec-1]c.coachingmate.intercepter.SessionIntercepter.preHandle:21 -intercepter for all request
2022-05-10 15:54:39.362 INFO [http-nio-8080-exec-2]c.coachingmate.intercepter.SessionIntercepter.preHandle:21 -intercepter for all request
2022-05-10 15:54:43.756 INFO [http-nio-8080-exec-3]c.coachingmate.intercepter.SessionIntercepter.preHandle:21 -intercepter for all request
2022-05-10 15:55:31.462 INFO [http-nio-8080-exec-6]c.coachingmate.intercepter.SessionIntercepter.preHandle:21 -intercepter for all request
2022-05-10 15:55:31.472 INFO [http-nio-8080-exec-6]coachingmateanalytics.coachingmate.logs.LogAspectHandler.dobefore:40 -===============dobefore============
2022-05-10 15:55:31.474 INFO [http-nio-8080-exec-6]coachingmateanalytics.coachingmate.logs.LogAspectHandler.dobefore:53 -The method to be executed is : retrieveEpochTimeLineByAccessToken, belongs package : coachingmateanalytics.coachingmate.controller.ActivityDataRetrieveController
2022-05-10 15:55:31.475 INFO [http-nio-8080-exec-6]coachingmateanalytics.coachingmate.logs.LogAspectHandler.dobefore:54 -The URL requested by the user is : http://localhost:8080/activity/getEpochTimeLineByAccessToken, IP address is : 0:0:0:0:0:0:0:1
2022-05-10 15:55:31.775 INFO [http-nio-8080-exec-6]org.mongodb.driver.connection.info:71 -Opened connection [connectionId{localValue:4, serverValue:305533}] to cluster0-shard-00-02.9yat6.mongodb.net:27017
2022-05-10 15:55:31.830 INFO [http-nio-8080-exec-6]coachingmateanalytics.coachingmate.logs.LogAspectHandler.doAfter:59 -=================doAftere==================
2022-05-10 15:55:31.832 INFO [http-nio-8080-exec-6]coachingmateanalytics.coachingmate.logs.LogAspectHandler.doAfter:66 -The method retrieveEpochTimeLineByAccessToken has finished executing
2022-05-10 15:55:31.840 INFO [http-nio-8080-exec-6]c.coachingmate.intercepter.SessionIntercepter.preHandle:21 -intercepter for all request
2022-05-10 15:55:31.917 INFO [http-nio-8080-exec-5]c.coachingmate.intercepter.SessionIntercepter.preHandle:21 -intercepter for all request
2022-05-10 15:58:27.949 INFO [restartedMain]c.coachingmate.CoachingmateApplication.logStarting:55 -Starting CoachingmateApplication on MS-DFYHKQKTLJZZ with PID 8148 (D:\ProgramProject\Java\lk-redback\target\classes started by Administrator in D:\ProgramProject\Java\lk-redback)
2022-05-10 15:58:27.953 INFO [restartedMain]c.coachingmate.CoachingmateApplication.logStartupProfileInfo:655 -The following profiles are active: dev
2022-05-10 15:58:28.015 INFO [restartedMain]o.s.b.devtools.env.DevToolsPropertyDefaultsPostProcessor.logTo:225 -Devtools property defaults active! Set 'spring.devtools.add-properties' to 'false' to disable
2022-05-10 15:58:28.015 INFO [restartedMain]o.s.b.devtools.env.DevToolsPropertyDefaultsPostProcessor.logTo:225 -For additional web related logging consider setting the 'logging.level.web' property to 'DEBUG'
2022-05-10 15:58:28.732 INFO [restartedMain]o.s.d.repository.config.RepositoryConfigurationDelegate.registerRepositoriesIn:127 -Bootstrapping Spring Data MongoDB repositories in DEFAULT mode.
2022-05-10 15:58:28.748 INFO [restartedMain]o.s.d.repository.config.RepositoryConfigurationDelegate.registerRepositoriesIn:187 -Finished Spring Data repository scanning in 13ms. Found 0 MongoDB repository interfaces.
2022-05-10 15:58:29.318 INFO [restartedMain]o.s.boot.web.embedded.tomcat.TomcatWebServer.initialize:108 -Tomcat initialized with port(s): 8080 (http)
2022-05-10 15:58:29.324 INFO [restartedMain]org.apache.coyote.http11.Http11NioProtocol.log:173 -Initializing ProtocolHandler ["http-nio-8080"]
2022-05-10 15:58:29.325 INFO [restartedMain]org.apache.catalina.core.StandardService.log:173 -Starting service [Tomcat]
2022-05-10 15:58:29.325 INFO [restartedMain]org.apache.catalina.core.StandardEngine.log:173 -Starting Servlet engine: [Apache Tomcat/9.0.37]
2022-05-10 15:58:29.399 INFO [restartedMain]o.a.catalina.core.ContainerBase.[Tomcat].[localhost].[/].log:173 -Initializing Spring embedded WebApplicationContext
2022-05-10 15:58:29.400 INFO [restartedMain]o.s.b.w.s.context.ServletWebServerApplicationContext.prepareWebApplicationContext:285 -Root WebApplicationContext: initialization completed in 1384 ms
2022-05-10 15:58:29.631 INFO [restartedMain]org.mongodb.driver.cluster.info:71 -Cluster created with settings {hosts=[127.0.0.1:27017], srvHost=cluster0.9yat6.mongodb.net, mode=MULTIPLE, requiredClusterType=REPLICA_SET, serverSelectionTimeout='30000 ms', requiredReplicaSetName='atlas-426ffk-shard-0'}
2022-05-10 15:58:29.642 INFO [cluster-ClusterId{value='6279ff054f89b84cad39a339', description='null'}-srv-cluster0.9yat6.mongodb.net]org.mongodb.driver.cluster.info:71 -Adding discovered server cluster0-shard-00-02.9yat6.mongodb.net:27017 to client view of cluster
2022-05-10 15:58:29.668 INFO [cluster-ClusterId{value='6279ff054f89b84cad39a339', description='null'}-srv-cluster0.9yat6.mongodb.net]org.mongodb.driver.cluster.info:71 -Adding discovered server cluster0-shard-00-01.9yat6.mongodb.net:27017 to client view of cluster
2022-05-10 15:58:29.670 INFO [cluster-ClusterId{value='6279ff054f89b84cad39a339', description='null'}-srv-cluster0.9yat6.mongodb.net]org.mongodb.driver.cluster.info:71 -Adding discovered server cluster0-shard-00-00.9yat6.mongodb.net:27017 to client view of cluster
2022-05-10 15:58:30.015 INFO [cluster-ClusterId{value='6279ff054f89b84cad39a339', description='null'}-cluster0-shard-00-02.9yat6.mongodb.net:27017]org.mongodb.driver.connection.info:71 -Opened connection [connectionId{localValue:3, serverValue:305557}] to cluster0-shard-00-02.9yat6.mongodb.net:27017
2022-05-10 15:58:30.015 INFO [cluster-ClusterId{value='6279ff054f89b84cad39a339', description='null'}-cluster0-shard-00-01.9yat6.mongodb.net:27017]org.mongodb.driver.connection.info:71 -Opened connection [connectionId{localValue:1, serverValue:301869}] to cluster0-shard-00-01.9yat6.mongodb.net:27017
2022-05-10 15:58:30.015 INFO [cluster-ClusterId{value='6279ff054f89b84cad39a339', description='null'}-cluster0-shard-00-00.9yat6.mongodb.net:27017]org.mongodb.driver.connection.info:71 -Opened connection [connectionId{localValue:2, serverValue:302368}] to cluster0-shard-00-00.9yat6.mongodb.net:27017
2022-05-10 15:58:30.112 INFO [cluster-ClusterId{value='6279ff054f89b84cad39a339', description='null'}-cluster0-shard-00-02.9yat6.mongodb.net:27017]org.mongodb.driver.cluster.info:71 -Monitor thread successfully connected to server with description ServerDescription{address=cluster0-shard-00-02.9yat6.mongodb.net:27017, type=REPLICA_SET_PRIMARY, state=CONNECTED, ok=true, minWireVersion=0, maxWireVersion=13, maxDocumentSize=16777216, logicalSessionTimeoutMinutes=30, roundTripTimeNanos=93914800, setName='atlas-426ffk-shard-0', canonicalAddress=cluster0-shard-00-02.9yat6.mongodb.net:27017, hosts=[cluster0-shard-00-02.9yat6.mongodb.net:27017, cluster0-shard-00-00.9yat6.mongodb.net:27017, cluster0-shard-00-01.9yat6.mongodb.net:27017], passives=[], arbiters=[], primary='cluster0-shard-00-02.9yat6.mongodb.net:27017', tagSet=TagSet{[Tag{name='nodeType', value='ELECTABLE'}, Tag{name='provider', value='AWS'}, Tag{name='region', value='AP_SOUTHEAST_2'}, Tag{name='workloadType', value='OPERATIONAL'}]}, electionId=7fffffff000000000000003f, setVersion=6, lastWriteDate=Tue May 10 15:58:30 AEST 2022, lastUpdateTimeNanos=26784604473000}
2022-05-10 15:58:30.112 INFO [cluster-ClusterId{value='6279ff054f89b84cad39a339', description='null'}-cluster0-shard-00-00.9yat6.mongodb.net:27017]org.mongodb.driver.cluster.info:71 -Monitor thread successfully connected to server with description ServerDescription{address=cluster0-shard-00-00.9yat6.mongodb.net:27017, type=REPLICA_SET_SECONDARY, state=CONNECTED, ok=true, minWireVersion=0, maxWireVersion=13, maxDocumentSize=16777216, logicalSessionTimeoutMinutes=30, roundTripTimeNanos=92604400, setName='atlas-426ffk-shard-0', canonicalAddress=cluster0-shard-00-00.9yat6.mongodb.net:27017, hosts=[cluster0-shard-00-02.9yat6.mongodb.net:27017, cluster0-shard-00-00.9yat6.mongodb.net:27017, cluster0-shard-00-01.9yat6.mongodb.net:27017], passives=[], arbiters=[], primary='cluster0-shard-00-02.9yat6.mongodb.net:27017', tagSet=TagSet{[Tag{name='nodeType', value='ELECTABLE'}, Tag{name='provider', value='AWS'}, Tag{name='region', value='AP_SOUTHEAST_2'}, Tag{name='workloadType', value='OPERATIONAL'}]}, electionId=null, setVersion=6, lastWriteDate=Tue May 10 15:58:30 AEST 2022, lastUpdateTimeNanos=26784604470000}
2022-05-10 15:58:30.113 INFO [cluster-ClusterId{value='6279ff054f89b84cad39a339', description='null'}-cluster0-shard-00-02.9yat6.mongodb.net:27017]org.mongodb.driver.cluster.info:71 -Setting max election id to 7fffffff000000000000003f from replica set primary cluster0-shard-00-02.9yat6.mongodb.net:27017
2022-05-10 15:58:30.113 INFO [cluster-ClusterId{value='6279ff054f89b84cad39a339', description='null'}-cluster0-shard-00-02.9yat6.mongodb.net:27017]org.mongodb.driver.cluster.info:71 -Setting max set version to 6 from replica set primary cluster0-shard-00-02.9yat6.mongodb.net:27017
2022-05-10 15:58:30.114 INFO [cluster-ClusterId{value='6279ff054f89b84cad39a339', description='null'}-cluster0-shard-00-02.9yat6.mongodb.net:27017]org.mongodb.driver.cluster.info:71 -Discovered replica set primary cluster0-shard-00-02.9yat6.mongodb.net:27017
2022-05-10 15:58:30.270 INFO [cluster-ClusterId{value='6279ff054f89b84cad39a339', description='null'}-cluster0-shard-00-01.9yat6.mongodb.net:27017]org.mongodb.driver.cluster.info:71 -Monitor thread successfully connected to server with description ServerDescription{address=cluster0-shard-00-01.9yat6.mongodb.net:27017, type=REPLICA_SET_SECONDARY, state=CONNECTED, ok=true, minWireVersion=0, maxWireVersion=13, maxDocumentSize=16777216, logicalSessionTimeoutMinutes=30, roundTripTimeNanos=254040300, setName='atlas-426ffk-shard-0', canonicalAddress=cluster0-shard-00-01.9yat6.mongodb.net:27017, hosts=[cluster0-shard-00-02.9yat6.mongodb.net:27017, cluster0-shard-00-00.9yat6.mongodb.net:27017, cluster0-shard-00-01.9yat6.mongodb.net:27017], passives=[], arbiters=[], primary='cluster0-shard-00-02.9yat6.mongodb.net:27017', tagSet=TagSet{[Tag{name='nodeType', value='ELECTABLE'}, Tag{name='provider', value='AWS'}, Tag{name='region', value='AP_SOUTHEAST_2'}, Tag{name='workloadType', value='OPERATIONAL'}]}, electionId=null, setVersion=6, lastWriteDate=Tue May 10 15:58:30 AEST 2022, lastUpdateTimeNanos=26784763903400}
2022-05-10 15:58:30.494 INFO [restartedMain]s.d.s.web.PropertySourcedRequestMappingHandlerMapping.initHandlerMethods:69 -Mapped URL path [/v2/api-docs] onto method [springfox.documentation.swagger2.web.Swagger2Controller#getDocumentation(String, HttpServletRequest)]
2022-05-10 15:58:30.660 INFO [restartedMain]o.s.scheduling.concurrent.ThreadPoolTaskExecutor.initialize:181 -Initializing ExecutorService 'applicationTaskExecutor'
2022-05-10 15:58:30.725 INFO [restartedMain]o.s.boot.devtools.autoconfigure.OptionalLiveReloadServer.startServer:58 -LiveReload server is running on port 35729
2022-05-10 15:58:30.753 INFO [restartedMain]o.s.b.a.web.servlet.WelcomePageHandlerMapping.<init>:58 -Adding welcome page template: index
2022-05-10 15:58:30.914 INFO [restartedMain]org.apache.coyote.http11.Http11NioProtocol.log:173 -Starting ProtocolHandler ["http-nio-8080"]
2022-05-10 15:58:30.936 INFO [restartedMain]o.s.boot.web.embedded.tomcat.TomcatWebServer.start:220 -Tomcat started on port(s): 8080 (http) with context path ''
2022-05-10 15:58:30.937 INFO [restartedMain]s.d.spring.web.plugins.DocumentationPluginsBootstrapper.start:160 -Context refreshed
2022-05-10 15:58:30.947 INFO [restartedMain]s.d.spring.web.plugins.DocumentationPluginsBootstrapper.start:163 -Found 1 custom documentation plugin(s)
2022-05-10 15:58:30.967 INFO [restartedMain]s.d.spring.web.scanners.ApiListingReferenceScanner.scan:41 -Scanning for api listing references
2022-05-10 15:58:31.134 INFO [restartedMain]c.coachingmate.CoachingmateApplication.logStarted:61 -Started CoachingmateApplication in 3.526 seconds (JVM running for 4.202)
2022-05-10 15:58:35.065 INFO [http-nio-8080-exec-1]o.a.catalina.core.ContainerBase.[Tomcat].[localhost].[/].log:173 -Initializing Spring DispatcherServlet 'dispatcherServlet'
2022-05-10 15:58:35.066 INFO [http-nio-8080-exec-1]org.springframework.web.servlet.DispatcherServlet.initServletBean:525 -Initializing Servlet 'dispatcherServlet'
2022-05-10 15:58:35.078 INFO [http-nio-8080-exec-1]org.springframework.web.servlet.DispatcherServlet.initServletBean:547 -Completed initialization in 12 ms
2022-05-10 15:58:35.093 INFO [http-nio-8080-exec-1]c.coachingmate.intercepter.SessionIntercepter.preHandle:21 -intercepter for all request
2022-05-10 15:58:35.446 INFO [http-nio-8080-exec-2]c.coachingmate.intercepter.SessionIntercepter.preHandle:21 -intercepter for all request
2022-05-10 15:58:35.449 INFO [http-nio-8080-exec-4]c.coachingmate.intercepter.SessionIntercepter.preHandle:21 -intercepter for all request
2022-05-10 15:58:35.511 INFO [http-nio-8080-exec-5]c.coachingmate.intercepter.SessionIntercepter.preHandle:21 -intercepter for all request
2022-05-10 15:58:35.537 INFO [http-nio-8080-exec-9]c.coachingmate.intercepter.SessionIntercepter.preHandle:21 -intercepter for all request
2022-05-10 15:58:35.628 INFO [http-nio-8080-exec-7]c.coachingmate.intercepter.SessionIntercepter.preHandle:21 -intercepter for all request
2022-05-10 15:58:35.629 INFO [http-nio-8080-exec-8]c.coachingmate.intercepter.SessionIntercepter.preHandle:21 -intercepter for all request
2022-05-10 15:58:35.641 INFO [http-nio-8080-exec-8]c.coachingmate.intercepter.SessionIntercepter.preHandle:21 -intercepter for all request
2022-05-10 15:58:35.658 INFO [http-nio-8080-exec-2]c.coachingmate.intercepter.SessionIntercepter.preHandle:21 -intercepter for all request
2022-05-10 15:58:35.662 INFO [http-nio-8080-exec-2]c.coachingmate.intercepter.SessionIntercepter.preHandle:21 -intercepter for all request
2022-05-10 15:58:46.076 INFO [http-nio-8080-exec-4]c.coachingmate.intercepter.SessionIntercepter.preHandle:21 -intercepter for all request
2022-05-10 15:58:46.082 INFO [http-nio-8080-exec-4]coachingmateanalytics.coachingmate.logs.LogAspectHandler.dobefore:40 -===============dobefore============
2022-05-10 15:58:46.083 INFO [http-nio-8080-exec-4]coachingmateanalytics.coachingmate.logs.LogAspectHandler.dobefore:53 -The method to be executed is : retrieveEpochTimeLineByAccessToken, belongs package : coachingmateanalytics.coachingmate.controller.ActivityDataRetrieveController
2022-05-10 15:58:46.084 INFO [http-nio-8080-exec-4]coachingmateanalytics.coachingmate.logs.LogAspectHandler.dobefore:54 -The URL requested by the user is : http://localhost:8080/activity/getEpochTimeLineByAccessToken, IP address is : 0:0:0:0:0:0:0:1
2022-05-10 15:58:46.248 INFO [http-nio-8080-exec-4]org.mongodb.driver.connection.info:71 -Opened connection [connectionId{localValue:4, serverValue:305531}] to cluster0-shard-00-02.9yat6.mongodb.net:27017
2022-05-10 15:58:46.298 INFO [http-nio-8080-exec-4]coachingmateanalytics.coachingmate.logs.LogAspectHandler.doAfter:59 -=================doAftere==================
2022-05-10 15:58:46.298 INFO [http-nio-8080-exec-4]coachingmateanalytics.coachingmate.logs.LogAspectHandler.doAfter:66 -The method retrieveEpochTimeLineByAccessToken has finished executing
2022-05-10 15:58:46.306 INFO [http-nio-8080-exec-4]c.coachingmate.intercepter.SessionIntercepter.preHandle:21 -intercepter for all request
2022-05-10 16:00:06.180 INFO [restartedMain]c.coachingmate.CoachingmateApplication.logStarting:55 -Starting CoachingmateApplication on MS-DFYHKQKTLJZZ with PID 10480 (D:\ProgramProject\Java\lk-redback\target\classes started by Administrator in D:\ProgramProject\Java\lk-redback)
2022-05-10 16:00:06.184 INFO [restartedMain]c.coachingmate.CoachingmateApplication.logStartupProfileInfo:655 -The following profiles are active: dev
2022-05-10 16:00:06.243 INFO [restartedMain]o.s.b.devtools.env.DevToolsPropertyDefaultsPostProcessor.logTo:225 -Devtools property defaults active! Set 'spring.devtools.add-properties' to 'false' to disable
2022-05-10 16:00:06.244 INFO [restartedMain]o.s.b.devtools.env.DevToolsPropertyDefaultsPostProcessor.logTo:225 -For additional web related logging consider setting the 'logging.level.web' property to 'DEBUG'
2022-05-10 16:00:06.918 INFO [restartedMain]o.s.d.repository.config.RepositoryConfigurationDelegate.registerRepositoriesIn:127 -Bootstrapping Spring Data MongoDB repositories in DEFAULT mode.
2022-05-10 16:00:06.935 INFO [restartedMain]o.s.d.repository.config.RepositoryConfigurationDelegate.registerRepositoriesIn:187 -Finished Spring Data repository scanning in 14ms. Found 0 MongoDB repository interfaces.
2022-05-10 16:00:07.516 INFO [restartedMain]o.s.boot.web.embedded.tomcat.TomcatWebServer.initialize:108 -Tomcat initialized with port(s): 8080 (http)
2022-05-10 16:00:07.532 INFO [restartedMain]org.apache.coyote.http11.Http11NioProtocol.log:173 -Initializing ProtocolHandler ["http-nio-8080"]
2022-05-10 16:00:07.533 INFO [restartedMain]org.apache.catalina.core.StandardService.log:173 -Starting service [Tomcat]
2022-05-10 16:00:07.533 INFO [restartedMain]org.apache.catalina.core.StandardEngine.log:173 -Starting Servlet engine: [Apache Tomcat/9.0.37]
2022-05-10 16:00:07.610 INFO [restartedMain]o.a.catalina.core.ContainerBase.[Tomcat].[localhost].[/].log:173 -Initializing Spring embedded WebApplicationContext
2022-05-10 16:00:07.611 INFO [restartedMain]o.s.b.w.s.context.ServletWebServerApplicationContext.prepareWebApplicationContext:285 -Root WebApplicationContext: initialization completed in 1367 ms
2022-05-10 16:00:07.739 INFO [restartedMain]org.mongodb.driver.cluster.info:71 -Cluster created with settings {hosts=[127.0.0.1:27017], srvHost=cluster0.9yat6.mongodb.net, mode=MULTIPLE, requiredClusterType=REPLICA_SET, serverSelectionTimeout='30000 ms', requiredReplicaSetName='atlas-426ffk-shard-0'}
2022-05-10 16:00:07.759 INFO [cluster-ClusterId{value='6279ff677cf57271390b4feb', description='null'}-srv-cluster0.9yat6.mongodb.net]org.mongodb.driver.cluster.info:71 -Adding discovered server cluster0-shard-00-02.9yat6.mongodb.net:27017 to client view of cluster
2022-05-10 16:00:07.785 INFO [cluster-ClusterId{value='6279ff677cf57271390b4feb', description='null'}-srv-cluster0.9yat6.mongodb.net]org.mongodb.driver.cluster.info:71 -Adding discovered server cluster0-shard-00-01.9yat6.mongodb.net:27017 to client view of cluster
2022-05-10 16:00:07.786 INFO [cluster-ClusterId{value='6279ff677cf57271390b4feb', description='null'}-srv-cluster0.9yat6.mongodb.net]org.mongodb.driver.cluster.info:71 -Adding discovered server cluster0-shard-00-00.9yat6.mongodb.net:27017 to client view of cluster
2022-05-10 16:00:08.182 INFO [cluster-ClusterId{value='6279ff677cf57271390b4feb', description='null'}-cluster0-shard-00-02.9yat6.mongodb.net:27017]org.mongodb.driver.connection.info:71 -Opened connection [connectionId{localValue:2, serverValue:305570}] to cluster0-shard-00-02.9yat6.mongodb.net:27017
2022-05-10 16:00:08.182 INFO [cluster-ClusterId{value='6279ff677cf57271390b4feb', description='null'}-cluster0-shard-00-00.9yat6.mongodb.net:27017]org.mongodb.driver.connection.info:71 -Opened connection [connectionId{localValue:3, serverValue:302394}] to cluster0-shard-00-00.9yat6.mongodb.net:27017
2022-05-10 16:00:08.182 INFO [cluster-ClusterId{value='6279ff677cf57271390b4feb', description='null'}-cluster0-shard-00-01.9yat6.mongodb.net:27017]org.mongodb.driver.connection.info:71 -Opened connection [connectionId{localValue:1, serverValue:301874}] to cluster0-shard-00-01.9yat6.mongodb.net:27017
2022-05-10 16:00:08.205 INFO [cluster-ClusterId{value='6279ff677cf57271390b4feb', description='null'}-cluster0-shard-00-02.9yat6.mongodb.net:27017]org.mongodb.driver.cluster.info:71 -Monitor thread successfully connected to server with description ServerDescription{address=cluster0-shard-00-02.9yat6.mongodb.net:27017, type=REPLICA_SET_PRIMARY, state=CONNECTED, ok=true, minWireVersion=0, maxWireVersion=13, maxDocumentSize=16777216, logicalSessionTimeoutMinutes=30, roundTripTimeNanos=19986000, setName='atlas-426ffk-shard-0', canonicalAddress=cluster0-shard-00-02.9yat6.mongodb.net:27017, hosts=[cluster0-shard-00-02.9yat6.mongodb.net:27017, cluster0-shard-00-00.9yat6.mongodb.net:27017, cluster0-shard-00-01.9yat6.mongodb.net:27017], passives=[], arbiters=[], primary='cluster0-shard-00-02.9yat6.mongodb.net:27017', tagSet=TagSet{[Tag{name='nodeType', value='ELECTABLE'}, Tag{name='provider', value='AWS'}, Tag{name='region', value='AP_SOUTHEAST_2'}, Tag{name='workloadType', value='OPERATIONAL'}]}, electionId=7fffffff000000000000003f, setVersion=6, lastWriteDate=Tue May 10 16:00:08 AEST 2022, lastUpdateTimeNanos=26882698298900}
2022-05-10 16:00:08.205 INFO [cluster-ClusterId{value='6279ff677cf57271390b4feb', description='null'}-cluster0-shard-00-00.9yat6.mongodb.net:27017]org.mongodb.driver.cluster.info:71 -Monitor thread successfully connected to server with description ServerDescription{address=cluster0-shard-00-00.9yat6.mongodb.net:27017, type=REPLICA_SET_SECONDARY, state=CONNECTED, ok=true, minWireVersion=0, maxWireVersion=13, maxDocumentSize=16777216, logicalSessionTimeoutMinutes=30, roundTripTimeNanos=19742000, setName='atlas-426ffk-shard-0', canonicalAddress=cluster0-shard-00-00.9yat6.mongodb.net:27017, hosts=[cluster0-shard-00-02.9yat6.mongodb.net:27017, cluster0-shard-00-00.9yat6.mongodb.net:27017, cluster0-shard-00-01.9yat6.mongodb.net:27017], passives=[], arbiters=[], primary='cluster0-shard-00-02.9yat6.mongodb.net:27017', tagSet=TagSet{[Tag{name='nodeType', value='ELECTABLE'}, Tag{name='provider', value='AWS'}, Tag{name='region', value='AP_SOUTHEAST_2'}, Tag{name='workloadType', value='OPERATIONAL'}]}, electionId=null, setVersion=6, lastWriteDate=Tue May 10 16:00:08 AEST 2022, lastUpdateTimeNanos=26882698299000}
2022-05-10 16:00:08.205 INFO [cluster-ClusterId{value='6279ff677cf57271390b4feb', description='null'}-cluster0-shard-00-01.9yat6.mongodb.net:27017]org.mongodb.driver.cluster.info:71 -Monitor thread successfully connected to server with description ServerDescription{address=cluster0-shard-00-01.9yat6.mongodb.net:27017, type=REPLICA_SET_SECONDARY, state=CONNECTED, ok=true, minWireVersion=0, maxWireVersion=13, maxDocumentSize=16777216, logicalSessionTimeoutMinutes=30, roundTripTimeNanos=19673900, setName='atlas-426ffk-shard-0', canonicalAddress=cluster0-shard-00-01.9yat6.mongodb.net:27017, hosts=[cluster0-shard-00-02.9yat6.mongodb.net:27017, cluster0-shard-00-00.9yat6.mongodb.net:27017, cluster0-shard-00-01.9yat6.mongodb.net:27017], passives=[], arbiters=[], primary='cluster0-shard-00-02.9yat6.mongodb.net:27017', tagSet=TagSet{[Tag{name='nodeType', value='ELECTABLE'}, Tag{name='provider', value='AWS'}, Tag{name='region', value='AP_SOUTHEAST_2'}, Tag{name='workloadType', value='OPERATIONAL'}]}, electionId=null, setVersion=6, lastWriteDate=Tue May 10 16:00:08 AEST 2022, lastUpdateTimeNanos=26882698338100}
2022-05-10 16:00:08.207 INFO [cluster-ClusterId{value='6279ff677cf57271390b4feb', description='null'}-cluster0-shard-00-02.9yat6.mongodb.net:27017]org.mongodb.driver.cluster.info:71 -Setting max election id to 7fffffff000000000000003f from replica set primary cluster0-shard-00-02.9yat6.mongodb.net:27017
2022-05-10 16:00:08.207 INFO [cluster-ClusterId{value='6279ff677cf57271390b4feb', description='null'}-cluster0-shard-00-02.9yat6.mongodb.net:27017]org.mongodb.driver.cluster.info:71 -Setting max set version to 6 from replica set primary cluster0-shard-00-02.9yat6.mongodb.net:27017
2022-05-10 16:00:08.207 INFO [cluster-ClusterId{value='6279ff677cf57271390b4feb', description='null'}-cluster0-shard-00-02.9yat6.mongodb.net:27017]org.mongodb.driver.cluster.info:71 -Discovered replica set primary cluster0-shard-00-02.9yat6.mongodb.net:27017
2022-05-10 16:00:08.915 INFO [restartedMain]s.d.s.web.PropertySourcedRequestMappingHandlerMapping.initHandlerMethods:69 -Mapped URL path [/v2/api-docs] onto method [springfox.documentation.swagger2.web.Swagger2Controller#getDocumentation(String, HttpServletRequest)]
2022-05-10 16:00:09.101 INFO [restartedMain]o.s.scheduling.concurrent.ThreadPoolTaskExecutor.initialize:181 -Initializing ExecutorService 'applicationTaskExecutor'
2022-05-10 16:00:09.161 INFO [restartedMain]o.s.boot.devtools.autoconfigure.OptionalLiveReloadServer.startServer:58 -LiveReload server is running on port 35729
2022-05-10 16:00:09.187 INFO [restartedMain]o.s.b.a.web.servlet.WelcomePageHandlerMapping.<init>:58 -Adding welcome page template: index
2022-05-10 16:00:09.351 INFO [restartedMain]org.apache.coyote.http11.Http11NioProtocol.log:173 -Starting ProtocolHandler ["http-nio-8080"]
2022-05-10 16:00:09.372 INFO [restartedMain]o.s.boot.web.embedded.tomcat.TomcatWebServer.start:220 -Tomcat started on port(s): 8080 (http) with context path ''
2022-05-10 16:00:09.373 INFO [restartedMain]s.d.spring.web.plugins.DocumentationPluginsBootstrapper.start:160 -Context refreshed
2022-05-10 16:00:09.386 INFO [restartedMain]s.d.spring.web.plugins.DocumentationPluginsBootstrapper.start:163 -Found 1 custom documentation plugin(s)
2022-05-10 16:00:09.406 INFO [restartedMain]s.d.spring.web.scanners.ApiListingReferenceScanner.scan:41 -Scanning for api listing references
2022-05-10 16:00:09.599 INFO [restartedMain]c.coachingmate.CoachingmateApplication.logStarted:61 -Started CoachingmateApplication in 3.792 seconds (JVM running for 4.467)
2022-05-10 16:00:13.514 INFO [http-nio-8080-exec-1]o.a.catalina.core.ContainerBase.[Tomcat].[localhost].[/].log:173 -Initializing Spring DispatcherServlet 'dispatcherServlet'
2022-05-10 16:00:13.516 INFO [http-nio-8080-exec-1]org.springframework.web.servlet.DispatcherServlet.initServletBean:525 -Initializing Servlet 'dispatcherServlet'
2022-05-10 16:00:13.530 INFO [http-nio-8080-exec-1]org.springframework.web.servlet.DispatcherServlet.initServletBean:547 -Completed initialization in 14 ms
2022-05-10 16:00:13.542 INFO [http-nio-8080-exec-1]c.coachingmate.intercepter.SessionIntercepter.preHandle:21 -intercepter for all request
2022-05-10 16:00:13.700 INFO [http-nio-8080-exec-3]c.coachingmate.intercepter.SessionIntercepter.preHandle:21 -intercepter for all request
2022-05-10 16:00:13.703 INFO [http-nio-8080-exec-2]c.coachingmate.intercepter.SessionIntercepter.preHandle:21 -intercepter for all request
2022-05-10 16:00:13.759 INFO [http-nio-8080-exec-5]c.coachingmate.intercepter.SessionIntercepter.preHandle:21 -intercepter for all request
2022-05-10 16:00:13.774 INFO [http-nio-8080-exec-7]c.coachingmate.intercepter.SessionIntercepter.preHandle:21 -intercepter for all request
2022-05-10 16:00:13.828 INFO [http-nio-8080-exec-9]c.coachingmate.intercepter.SessionIntercepter.preHandle:21 -intercepter for all request
2022-05-10 16:00:13.829 INFO [http-nio-8080-exec-10]c.coachingmate.intercepter.SessionIntercepter.preHandle:21 -intercepter for all request
2022-05-10 16:00:13.841 INFO [http-nio-8080-exec-10]c.coachingmate.intercepter.SessionIntercepter.preHandle:21 -intercepter for all request
2022-05-10 16:00:13.859 INFO [http-nio-8080-exec-3]c.coachingmate.intercepter.SessionIntercepter.preHandle:21 -intercepter for all request
2022-05-10 16:00:13.861 INFO [http-nio-8080-exec-3]c.coachingmate.intercepter.SessionIntercepter.preHandle:21 -intercepter for all request
2022-05-10 16:00:33.911 INFO [http-nio-8080-exec-2]c.coachingmate.intercepter.SessionIntercepter.preHandle:21 -intercepter for all request
2022-05-10 16:00:33.918 INFO [http-nio-8080-exec-2]coachingmateanalytics.coachingmate.logs.LogAspectHandler.dobefore:40 -===============dobefore============
2022-05-10 16:00:33.919 INFO [http-nio-8080-exec-2]coachingmateanalytics.coachingmate.logs.LogAspectHandler.dobefore:53 -The method to be executed is : retrieveEpochTimeLineByAccessToken, belongs package : coachingmateanalytics.coachingmate.controller.ActivityDataRetrieveController
2022-05-10 16:00:33.920 INFO [http-nio-8080-exec-2]coachingmateanalytics.coachingmate.logs.LogAspectHandler.dobefore:54 -The URL requested by the user is : http://localhost:8080/activity/getEpochTimeLineByAccessToken, IP address is : 0:0:0:0:0:0:0:1
2022-05-10 16:00:34.078 INFO [http-nio-8080-exec-2]org.mongodb.driver.connection.info:71 -Opened connection [connectionId{localValue:4, serverValue:305589}] to cluster0-shard-00-02.9yat6.mongodb.net:27017
2022-05-10 16:00:34.130 INFO [http-nio-8080-exec-2]coachingmateanalytics.coachingmate.logs.LogAspectHandler.doAfter:59 -=================doAftere==================
2022-05-10 16:00:34.131 INFO [http-nio-8080-exec-2]coachingmateanalytics.coachingmate.logs.LogAspectHandler.doAfter:66 -The method retrieveEpochTimeLineByAccessToken has finished executing
2022-05-10 16:00:34.137 INFO [http-nio-8080-exec-2]c.coachingmate.intercepter.SessionIntercepter.preHandle:21 -intercepter for all request
2022-05-10 16:02:16.078 INFO [restartedMain]c.coachingmate.CoachingmateApplication.logStarting:55 -Starting CoachingmateApplication on MS-DFYHKQKTLJZZ with PID 15852 (D:\ProgramProject\Java\lk-redback\target\classes started by Administrator in D:\ProgramProject\Java\lk-redback)
2022-05-10 16:02:16.082 INFO [restartedMain]c.coachingmate.CoachingmateApplication.logStartupProfileInfo:655 -The following profiles are active: dev
2022-05-10 16:02:16.145 INFO [restartedMain]o.s.b.devtools.env.DevToolsPropertyDefaultsPostProcessor.logTo:225 -Devtools property defaults active! Set 'spring.devtools.add-properties' to 'false' to disable
2022-05-10 16:02:16.145 INFO [restartedMain]o.s.b.devtools.env.DevToolsPropertyDefaultsPostProcessor.logTo:225 -For additional web related logging consider setting the 'logging.level.web' property to 'DEBUG'
2022-05-10 16:02:16.867 INFO [restartedMain]o.s.d.repository.config.RepositoryConfigurationDelegate.registerRepositoriesIn:127 -Bootstrapping Spring Data MongoDB repositories in DEFAULT mode.
2022-05-10 16:02:16.885 INFO [restartedMain]o.s.d.repository.config.RepositoryConfigurationDelegate.registerRepositoriesIn:187 -Finished Spring Data repository scanning in 15ms. Found 0 MongoDB repository interfaces.
2022-05-10 16:02:17.638 INFO [restartedMain]o.s.boot.web.embedded.tomcat.TomcatWebServer.initialize:108 -Tomcat initialized with port(s): 8080 (http)
2022-05-10 16:02:17.663 INFO [restartedMain]org.apache.coyote.http11.Http11NioProtocol.log:173 -Initializing ProtocolHandler ["http-nio-8080"]
2022-05-10 16:02:17.664 INFO [restartedMain]org.apache.catalina.core.StandardService.log:173 -Starting service [Tomcat]
2022-05-10 16:02:17.665 INFO [restartedMain]org.apache.catalina.core.StandardEngine.log:173 -Starting Servlet engine: [Apache Tomcat/9.0.37]
2022-05-10 16:02:17.751 INFO [restartedMain]o.a.catalina.core.ContainerBase.[Tomcat].[localhost].[/].log:173 -Initializing Spring embedded WebApplicationContext
2022-05-10 16:02:17.751 INFO [restartedMain]o.s.b.w.s.context.ServletWebServerApplicationContext.prepareWebApplicationContext:285 -Root WebApplicationContext: initialization completed in 1606 ms
2022-05-10 16:02:17.897 INFO [restartedMain]org.mongodb.driver.cluster.info:71 -Cluster created with settings {hosts=[127.0.0.1:27017], srvHost=cluster0.9yat6.mongodb.net, mode=MULTIPLE, requiredClusterType=REPLICA_SET, serverSelectionTimeout='30000 ms', requiredReplicaSetName='atlas-426ffk-shard-0'}
2022-05-10 16:02:17.910 INFO [cluster-ClusterId{value='6279ffe98bc21e073b0a1b0b', description='null'}-srv-cluster0.9yat6.mongodb.net]org.mongodb.driver.cluster.info:71 -Adding discovered server cluster0-shard-00-02.9yat6.mongodb.net:27017 to client view of cluster
2022-05-10 16:02:17.935 INFO [cluster-ClusterId{value='6279ffe98bc21e073b0a1b0b', description='null'}-srv-cluster0.9yat6.mongodb.net]org.mongodb.driver.cluster.info:71 -Adding discovered server cluster0-shard-00-01.9yat6.mongodb.net:27017 to client view of cluster
2022-05-10 16:02:17.936 INFO [cluster-ClusterId{value='6279ffe98bc21e073b0a1b0b', description='null'}-srv-cluster0.9yat6.mongodb.net]org.mongodb.driver.cluster.info:71 -Adding discovered server cluster0-shard-00-00.9yat6.mongodb.net:27017 to client view of cluster
2022-05-10 16:02:18.326 INFO [cluster-ClusterId{value='6279ffe98bc21e073b0a1b0b', description='null'}-cluster0-shard-00-02.9yat6.mongodb.net:27017]org.mongodb.driver.connection.info:71 -Opened connection [connectionId{localValue:3, serverValue:305662}] to cluster0-shard-00-02.9yat6.mongodb.net:27017
2022-05-10 16:02:18.326 INFO [cluster-ClusterId{value='6279ffe98bc21e073b0a1b0b', description='null'}-cluster0-shard-00-01.9yat6.mongodb.net:27017]org.mongodb.driver.connection.info:71 -Opened connection [connectionId{localValue:2, serverValue:301927}] to cluster0-shard-00-01.9yat6.mongodb.net:27017
2022-05-10 16:02:18.326 INFO [cluster-ClusterId{value='6279ffe98bc21e073b0a1b0b', description='null'}-cluster0-shard-00-00.9yat6.mongodb.net:27017]org.mongodb.driver.connection.info:71 -Opened connection [connectionId{localValue:1, serverValue:302432}] to cluster0-shard-00-00.9yat6.mongodb.net:27017
2022-05-10 16:02:18.347 INFO [cluster-ClusterId{value='6279ffe98bc21e073b0a1b0b', description='null'}-cluster0-shard-00-01.9yat6.mongodb.net:27017]org.mongodb.driver.cluster.info:71 -Monitor thread successfully connected to server with description ServerDescription{address=cluster0-shard-00-01.9yat6.mongodb.net:27017, type=REPLICA_SET_SECONDARY, state=CONNECTED, ok=true, minWireVersion=0, maxWireVersion=13, maxDocumentSize=16777216, logicalSessionTimeoutMinutes=30, roundTripTimeNanos=18417400, setName='atlas-426ffk-shard-0', canonicalAddress=cluster0-shard-00-01.9yat6.mongodb.net:27017, hosts=[cluster0-shard-00-02.9yat6.mongodb.net:27017, cluster0-shard-00-00.9yat6.mongodb.net:27017, cluster0-shard-00-01.9yat6.mongodb.net:27017], passives=[], arbiters=[], primary='cluster0-shard-00-02.9yat6.mongodb.net:27017', tagSet=TagSet{[Tag{name='nodeType', value='ELECTABLE'}, Tag{name='provider', value='AWS'}, Tag{name='region', value='AP_SOUTHEAST_2'}, Tag{name='workloadType', value='OPERATIONAL'}]}, electionId=null, setVersion=6, lastWriteDate=Tue May 10 16:02:18 AEST 2022, lastUpdateTimeNanos=27012840092200}
2022-05-10 16:02:18.347 INFO [cluster-ClusterId{value='6279ffe98bc21e073b0a1b0b', description='null'}-cluster0-shard-00-02.9yat6.mongodb.net:27017]org.mongodb.driver.cluster.info:71 -Monitor thread successfully connected to server with description ServerDescription{address=cluster0-shard-00-02.9yat6.mongodb.net:27017, type=REPLICA_SET_PRIMARY, state=CONNECTED, ok=true, minWireVersion=0, maxWireVersion=13, maxDocumentSize=16777216, logicalSessionTimeoutMinutes=30, roundTripTimeNanos=18417800, setName='atlas-426ffk-shard-0', canonicalAddress=cluster0-shard-00-02.9yat6.mongodb.net:27017, hosts=[cluster0-shard-00-02.9yat6.mongodb.net:27017, cluster0-shard-00-00.9yat6.mongodb.net:27017, cluster0-shard-00-01.9yat6.mongodb.net:27017], passives=[], arbiters=[], primary='cluster0-shard-00-02.9yat6.mongodb.net:27017', tagSet=TagSet{[Tag{name='nodeType', value='ELECTABLE'}, Tag{name='provider', value='AWS'}, Tag{name='region', value='AP_SOUTHEAST_2'}, Tag{name='workloadType', value='OPERATIONAL'}]}, electionId=7fffffff000000000000003f, setVersion=6, lastWriteDate=Tue May 10 16:02:18 AEST 2022, lastUpdateTimeNanos=27012840091800}
2022-05-10 16:02:18.347 INFO [cluster-ClusterId{value='6279ffe98bc21e073b0a1b0b', description='null'}-cluster0-shard-00-00.9yat6.mongodb.net:27017]org.mongodb.driver.cluster.info:71 -Monitor thread successfully connected to server with description ServerDescription{address=cluster0-shard-00-00.9yat6.mongodb.net:27017, type=REPLICA_SET_SECONDARY, state=CONNECTED, ok=true, minWireVersion=0, maxWireVersion=13, maxDocumentSize=16777216, logicalSessionTimeoutMinutes=30, roundTripTimeNanos=18421800, setName='atlas-426ffk-shard-0', canonicalAddress=cluster0-shard-00-00.9yat6.mongodb.net:27017, hosts=[cluster0-shard-00-02.9yat6.mongodb.net:27017, cluster0-shard-00-00.9yat6.mongodb.net:27017, cluster0-shard-00-01.9yat6.mongodb.net:27017], passives=[], arbiters=[], primary='cluster0-shard-00-02.9yat6.mongodb.net:27017', tagSet=TagSet{[Tag{name='nodeType', value='ELECTABLE'}, Tag{name='provider', value='AWS'}, Tag{name='region', value='AP_SOUTHEAST_2'}, Tag{name='workloadType', value='OPERATIONAL'}]}, electionId=null, setVersion=6, lastWriteDate=Tue May 10 16:02:18 AEST 2022, lastUpdateTimeNanos=27012840092000}
2022-05-10 16:02:18.348 INFO [cluster-ClusterId{value='6279ffe98bc21e073b0a1b0b', description='null'}-cluster0-shard-00-02.9yat6.mongodb.net:27017]org.mongodb.driver.cluster.info:71 -Setting max election id to 7fffffff000000000000003f from replica set primary cluster0-shard-00-02.9yat6.mongodb.net:27017
2022-05-10 16:02:18.348 INFO [cluster-ClusterId{value='6279ffe98bc21e073b0a1b0b', description='null'}-cluster0-shard-00-02.9yat6.mongodb.net:27017]org.mongodb.driver.cluster.info:71 -Setting max set version to 6 from replica set primary cluster0-shard-00-02.9yat6.mongodb.net:27017
2022-05-10 16:02:18.349 INFO [cluster-ClusterId{value='6279ffe98bc21e073b0a1b0b', description='null'}-cluster0-shard-00-02.9yat6.mongodb.net:27017]org.mongodb.driver.cluster.info:71 -Discovered replica set primary cluster0-shard-00-02.9yat6.mongodb.net:27017
2022-05-10 16:02:18.898 INFO [restartedMain]s.d.s.web.PropertySourcedRequestMappingHandlerMapping.initHandlerMethods:69 -Mapped URL path [/v2/api-docs] onto method [springfox.documentation.swagger2.web.Swagger2Controller#getDocumentation(String, HttpServletRequest)]
2022-05-10 16:02:19.064 INFO [restartedMain]o.s.scheduling.concurrent.ThreadPoolTaskExecutor.initialize:181 -Initializing ExecutorService 'applicationTaskExecutor'
2022-05-10 16:02:19.126 INFO [restartedMain]o.s.boot.devtools.autoconfigure.OptionalLiveReloadServer.startServer:58 -LiveReload server is running on port 35729
2022-05-10 16:02:19.160 INFO [restartedMain]o.s.b.a.web.servlet.WelcomePageHandlerMapping.<init>:58 -Adding welcome page template: index
2022-05-10 16:02:19.345 INFO [restartedMain]org.apache.coyote.http11.Http11NioProtocol.log:173 -Starting ProtocolHandler ["http-nio-8080"]
2022-05-10 16:02:19.369 INFO [restartedMain]o.s.boot.web.embedded.tomcat.TomcatWebServer.start:220 -Tomcat started on port(s): 8080 (http) with context path ''
2022-05-10 16:02:19.370 INFO [restartedMain]s.d.spring.web.plugins.DocumentationPluginsBootstrapper.start:160 -Context refreshed
2022-05-10 16:02:19.382 INFO [restartedMain]s.d.spring.web.plugins.DocumentationPluginsBootstrapper.start:163 -Found 1 custom documentation plugin(s)
2022-05-10 16:02:19.405 INFO [restartedMain]s.d.spring.web.scanners.ApiListingReferenceScanner.scan:41 -Scanning for api listing references
2022-05-10 16:02:19.583 INFO [restartedMain]c.coachingmate.CoachingmateApplication.logStarted:61 -Started CoachingmateApplication in 3.956 seconds (JVM running for 4.682)
2022-05-10 16:02:23.728 INFO [http-nio-8080-exec-1]o.a.catalina.core.ContainerBase.[Tomcat].[localhost].[/].log:173 -Initializing Spring DispatcherServlet 'dispatcherServlet'
2022-05-10 16:02:23.728 INFO [http-nio-8080-exec-1]org.springframework.web.servlet.DispatcherServlet.initServletBean:525 -Initializing Servlet 'dispatcherServlet'
2022-05-10 16:02:23.744 INFO [http-nio-8080-exec-1]org.springframework.web.servlet.DispatcherServlet.initServletBean:547 -Completed initialization in 16 ms
2022-05-10 16:02:23.762 INFO [http-nio-8080-exec-1]c.coachingmate.intercepter.SessionIntercepter.preHandle:21 -intercepter for all request
2022-05-10 16:02:23.951 INFO [http-nio-8080-exec-2]c.coachingmate.intercepter.SessionIntercepter.preHandle:21 -intercepter for all request
2022-05-10 16:02:23.955 INFO [http-nio-8080-exec-3]c.coachingmate.intercepter.SessionIntercepter.preHandle:21 -intercepter for all request
2022-05-10 16:02:24.000 INFO [http-nio-8080-exec-6]c.coachingmate.intercepter.SessionIntercepter.preHandle:21 -intercepter for all request
2022-05-10 16:02:24.012 INFO [http-nio-8080-exec-7]c.coachingmate.intercepter.SessionIntercepter.preHandle:21 -intercepter for all request
2022-05-10 16:02:24.053 INFO [http-nio-8080-exec-9]c.coachingmate.intercepter.SessionIntercepter.preHandle:21 -intercepter for all request
2022-05-10 16:02:24.053 INFO [http-nio-8080-exec-10]c.coachingmate.intercepter.SessionIntercepter.preHandle:21 -intercepter for all request
2022-05-10 16:02:24.065 INFO [http-nio-8080-exec-10]c.coachingmate.intercepter.SessionIntercepter.preHandle:21 -intercepter for all request
2022-05-10 16:02:24.082 INFO [http-nio-8080-exec-2]c.coachingmate.intercepter.SessionIntercepter.preHandle:21 -intercepter for all request
2022-05-10 16:02:24.085 INFO [http-nio-8080-exec-2]c.coachingmate.intercepter.SessionIntercepter.preHandle:21 -intercepter for all request
2022-05-10 16:02:34.014 INFO [http-nio-8080-exec-3]c.coachingmate.intercepter.SessionIntercepter.preHandle:21 -intercepter for all request
2022-05-10 16:02:34.021 INFO [http-nio-8080-exec-3]coachingmateanalytics.coachingmate.logs.LogAspectHandler.dobefore:40 -===============dobefore============
2022-05-10 16:02:34.022 INFO [http-nio-8080-exec-3]coachingmateanalytics.coachingmate.logs.LogAspectHandler.dobefore:53 -The method to be executed is : retrieveEpochTimeLineByAccessToken, belongs package : coachingmateanalytics.coachingmate.controller.ActivityDataRetrieveController
2022-05-10 16:02:34.023 INFO [http-nio-8080-exec-3]coachingmateanalytics.coachingmate.logs.LogAspectHandler.dobefore:54 -The URL requested by the user is : http://localhost:8080/activity/getEpochTimeLineByAccessToken, IP address is : 0:0:0:0:0:0:0:1
2022-05-10 16:02:34.187 INFO [http-nio-8080-exec-3]org.mongodb.driver.connection.info:71 -Opened connection [connectionId{localValue:4, serverValue:305589}] to cluster0-shard-00-02.9yat6.mongodb.net:27017
2022-05-10 16:02:34.612 INFO [http-nio-8080-exec-3]coachingmateanalytics.coachingmate.logs.LogAspectHandler.doAfter:59 -=================doAftere==================
2022-05-10 16:02:34.612 INFO [http-nio-8080-exec-3]coachingmateanalytics.coachingmate.logs.LogAspectHandler.doAfter:66 -The method retrieveEpochTimeLineByAccessToken has finished executing
2022-05-10 16:02:34.619 INFO [http-nio-8080-exec-3]c.coachingmate.intercepter.SessionIntercepter.preHandle:21 -intercepter for all request
2022-05-10 16:03:40.636 INFO [restartedMain]c.coachingmate.CoachingmateApplication.logStarting:55 -Starting CoachingmateApplication on MS-DFYHKQKTLJZZ with PID 2440 (D:\ProgramProject\Java\lk-redback\target\classes started by Administrator in D:\ProgramProject\Java\lk-redback)
2022-05-10 16:03:40.638 INFO [restartedMain]c.coachingmate.CoachingmateApplication.logStartupProfileInfo:655 -The following profiles are active: dev
2022-05-10 16:03:40.689 INFO [restartedMain]o.s.b.devtools.env.DevToolsPropertyDefaultsPostProcessor.logTo:225 -Devtools property defaults active! Set 'spring.devtools.add-properties' to 'false' to disable
2022-05-10 16:03:40.690 INFO [restartedMain]o.s.b.devtools.env.DevToolsPropertyDefaultsPostProcessor.logTo:225 -For additional web related logging consider setting the 'logging.level.web' property to 'DEBUG'
2022-05-10 16:03:41.401 INFO [restartedMain]o.s.d.repository.config.RepositoryConfigurationDelegate.registerRepositoriesIn:127 -Bootstrapping Spring Data MongoDB repositories in DEFAULT mode.
2022-05-10 16:03:41.424 INFO [restartedMain]o.s.d.repository.config.RepositoryConfigurationDelegate.registerRepositoriesIn:187 -Finished Spring Data repository scanning in 18ms. Found 0 MongoDB repository interfaces.
2022-05-10 16:03:42.001 INFO [restartedMain]o.s.boot.web.embedded.tomcat.TomcatWebServer.initialize:108 -Tomcat initialized with port(s): 8080 (http)
2022-05-10 16:03:42.013 INFO [restartedMain]org.apache.coyote.http11.Http11NioProtocol.log:173 -Initializing ProtocolHandler ["http-nio-8080"]
2022-05-10 16:03:42.014 INFO [restartedMain]org.apache.catalina.core.StandardService.log:173 -Starting service [Tomcat]
2022-05-10 16:03:42.014 INFO [restartedMain]org.apache.catalina.core.StandardEngine.log:173 -Starting Servlet engine: [Apache Tomcat/9.0.37]
2022-05-10 16:03:42.092 INFO [restartedMain]o.a.catalina.core.ContainerBase.[Tomcat].[localhost].[/].log:173 -Initializing Spring embedded WebApplicationContext
2022-05-10 16:03:42.092 INFO [restartedMain]o.s.b.w.s.context.ServletWebServerApplicationContext.prepareWebApplicationContext:285 -Root WebApplicationContext: initialization completed in 1402 ms
2022-05-10 16:03:42.230 INFO [restartedMain]org.mongodb.driver.cluster.info:71 -Cluster created with settings {hosts=[127.0.0.1:27017], srvHost=cluster0.9yat6.mongodb.net, mode=MULTIPLE, requiredClusterType=REPLICA_SET, serverSelectionTimeout='30000 ms', requiredReplicaSetName='atlas-426ffk-shard-0'}
2022-05-10 16:03:42.246 INFO [cluster-ClusterId{value='627a003e2c82d95d11b830de', description='null'}-srv-cluster0.9yat6.mongodb.net]org.mongodb.driver.cluster.info:71 -Adding discovered server cluster0-shard-00-02.9yat6.mongodb.net:27017 to client view of cluster
2022-05-10 16:03:42.269 INFO [cluster-ClusterId{value='627a003e2c82d95d11b830de', description='null'}-srv-cluster0.9yat6.mongodb.net]org.mongodb.driver.cluster.info:71 -Adding discovered server cluster0-shard-00-01.9yat6.mongodb.net:27017 to client view of cluster
2022-05-10 16:03:42.270 INFO [cluster-ClusterId{value='627a003e2c82d95d11b830de', description='null'}-srv-cluster0.9yat6.mongodb.net]org.mongodb.driver.cluster.info:71 -Adding discovered server cluster0-shard-00-00.9yat6.mongodb.net:27017 to client view of cluster
2022-05-10 16:03:42.622 INFO [cluster-ClusterId{value='627a003e2c82d95d11b830de', description='null'}-cluster0-shard-00-02.9yat6.mongodb.net:27017]org.mongodb.driver.connection.info:71 -Opened connection [connectionId{localValue:3, serverValue:305586}] to cluster0-shard-00-02.9yat6.mongodb.net:27017
2022-05-10 16:03:42.622 INFO [cluster-ClusterId{value='627a003e2c82d95d11b830de', description='null'}-cluster0-shard-00-00.9yat6.mongodb.net:27017]org.mongodb.driver.connection.info:71 -Opened connection [connectionId{localValue:2, serverValue:302476}] to cluster0-shard-00-00.9yat6.mongodb.net:27017
2022-05-10 16:03:42.622 INFO [cluster-ClusterId{value='627a003e2c82d95d11b830de', description='null'}-cluster0-shard-00-01.9yat6.mongodb.net:27017]org.mongodb.driver.connection.info:71 -Opened connection [connectionId{localValue:1, serverValue:301952}] to cluster0-shard-00-01.9yat6.mongodb.net:27017
2022-05-10 16:03:42.644 INFO [cluster-ClusterId{value='627a003e2c82d95d11b830de', description='null'}-cluster0-shard-00-02.9yat6.mongodb.net:27017]org.mongodb.driver.cluster.info:71 -Monitor thread successfully connected to server with description ServerDescription{address=cluster0-shard-00-02.9yat6.mongodb.net:27017, type=REPLICA_SET_PRIMARY, state=CONNECTED, ok=true, minWireVersion=0, maxWireVersion=13, maxDocumentSize=16777216, logicalSessionTimeoutMinutes=30, roundTripTimeNanos=19880800, setName='atlas-426ffk-shard-0', canonicalAddress=cluster0-shard-00-02.9yat6.mongodb.net:27017, hosts=[cluster0-shard-00-02.9yat6.mongodb.net:27017, cluster0-shard-00-00.9yat6.mongodb.net:27017, cluster0-shard-00-01.9yat6.mongodb.net:27017], passives=[], arbiters=[], primary='cluster0-shard-00-02.9yat6.mongodb.net:27017', tagSet=TagSet{[Tag{name='nodeType', value='ELECTABLE'}, Tag{name='provider', value='AWS'}, Tag{name='region', value='AP_SOUTHEAST_2'}, Tag{name='workloadType', value='OPERATIONAL'}]}, electionId=7fffffff000000000000003f, setVersion=6, lastWriteDate=Tue May 10 16:03:43 AEST 2022, lastUpdateTimeNanos=27097137511700}
2022-05-10 16:03:42.644 INFO [cluster-ClusterId{value='627a003e2c82d95d11b830de', description='null'}-cluster0-shard-00-01.9yat6.mongodb.net:27017]org.mongodb.driver.cluster.info:71 -Monitor thread successfully connected to server with description ServerDescription{address=cluster0-shard-00-01.9yat6.mongodb.net:27017, type=REPLICA_SET_SECONDARY, state=CONNECTED, ok=true, minWireVersion=0, maxWireVersion=13, maxDocumentSize=16777216, logicalSessionTimeoutMinutes=30, roundTripTimeNanos=19146200, setName='atlas-426ffk-shard-0', canonicalAddress=cluster0-shard-00-01.9yat6.mongodb.net:27017, hosts=[cluster0-shard-00-02.9yat6.mongodb.net:27017, cluster0-shard-00-00.9yat6.mongodb.net:27017, cluster0-shard-00-01.9yat6.mongodb.net:27017], passives=[], arbiters=[], primary='cluster0-shard-00-02.9yat6.mongodb.net:27017', tagSet=TagSet{[Tag{name='nodeType', value='ELECTABLE'}, Tag{name='provider', value='AWS'}, Tag{name='region', value='AP_SOUTHEAST_2'}, Tag{name='workloadType', value='OPERATIONAL'}]}, electionId=null, setVersion=6, lastWriteDate=Tue May 10 16:03:43 AEST 2022, lastUpdateTimeNanos=27097136893700}
2022-05-10 16:03:42.644 INFO [cluster-ClusterId{value='627a003e2c82d95d11b830de', description='null'}-cluster0-shard-00-00.9yat6.mongodb.net:27017]org.mongodb.driver.cluster.info:71 -Monitor thread successfully connected to server with description ServerDescription{address=cluster0-shard-00-00.9yat6.mongodb.net:27017, type=REPLICA_SET_SECONDARY, state=CONNECTED, ok=true, minWireVersion=0, maxWireVersion=13, maxDocumentSize=16777216, logicalSessionTimeoutMinutes=30, roundTripTimeNanos=18723800, setName='atlas-426ffk-shard-0', canonicalAddress=cluster0-shard-00-00.9yat6.mongodb.net:27017, hosts=[cluster0-shard-00-02.9yat6.mongodb.net:27017, cluster0-shard-00-00.9yat6.mongodb.net:27017, cluster0-shard-00-01.9yat6.mongodb.net:27017], passives=[], arbiters=[], primary='cluster0-shard-00-02.9yat6.mongodb.net:27017', tagSet=TagSet{[Tag{name='nodeType', value='ELECTABLE'}, Tag{name='provider', value='AWS'}, Tag{name='region', value='AP_SOUTHEAST_2'}, Tag{name='workloadType', value='OPERATIONAL'}]}, electionId=null, setVersion=6, lastWriteDate=Tue May 10 16:03:43 AEST 2022, lastUpdateTimeNanos=27097136893600}
2022-05-10 16:03:42.646 INFO [cluster-ClusterId{value='627a003e2c82d95d11b830de', description='null'}-cluster0-shard-00-02.9yat6.mongodb.net:27017]org.mongodb.driver.cluster.info:71 -Setting max election id to 7fffffff000000000000003f from replica set primary cluster0-shard-00-02.9yat6.mongodb.net:27017
2022-05-10 16:03:42.647 INFO [cluster-ClusterId{value='627a003e2c82d95d11b830de', description='null'}-cluster0-shard-00-02.9yat6.mongodb.net:27017]org.mongodb.driver.cluster.info:71 -Setting max set version to 6 from replica set primary cluster0-shard-00-02.9yat6.mongodb.net:27017
2022-05-10 16:03:42.647 INFO [cluster-ClusterId{value='627a003e2c82d95d11b830de', description='null'}-cluster0-shard-00-02.9yat6.mongodb.net:27017]org.mongodb.driver.cluster.info:71 -Discovered replica set primary cluster0-shard-00-02.9yat6.mongodb.net:27017
2022-05-10 16:03:43.079 INFO [restartedMain]s.d.s.web.PropertySourcedRequestMappingHandlerMapping.initHandlerMethods:69 -Mapped URL path [/v2/api-docs] onto method [springfox.documentation.swagger2.web.Swagger2Controller#getDocumentation(String, HttpServletRequest)]
2022-05-10 16:03:43.234 INFO [restartedMain]o.s.scheduling.concurrent.ThreadPoolTaskExecutor.initialize:181 -Initializing ExecutorService 'applicationTaskExecutor'
2022-05-10 16:03:43.289 INFO [restartedMain]o.s.boot.devtools.autoconfigure.OptionalLiveReloadServer.startServer:58 -LiveReload server is running on port 35729
2022-05-10 16:03:43.318 INFO [restartedMain]o.s.b.a.web.servlet.WelcomePageHandlerMapping.<init>:58 -Adding welcome page template: index
2022-05-10 16:03:43.480 INFO [restartedMain]org.apache.coyote.http11.Http11NioProtocol.log:173 -Starting ProtocolHandler ["http-nio-8080"]
2022-05-10 16:03:43.502 INFO [restartedMain]o.s.boot.web.embedded.tomcat.TomcatWebServer.start:220 -Tomcat started on port(s): 8080 (http) with context path ''
2022-05-10 16:03:43.503 INFO [restartedMain]s.d.spring.web.plugins.DocumentationPluginsBootstrapper.start:160 -Context refreshed
2022-05-10 16:03:43.522 INFO [restartedMain]s.d.spring.web.plugins.DocumentationPluginsBootstrapper.start:163 -Found 1 custom documentation plugin(s)
2022-05-10 16:03:43.593 INFO [restartedMain]s.d.spring.web.scanners.ApiListingReferenceScanner.scan:41 -Scanning for api listing references
2022-05-10 16:03:43.785 INFO [restartedMain]c.coachingmate.CoachingmateApplication.logStarted:61 -Started CoachingmateApplication in 3.678 seconds (JVM running for 4.909)
2022-05-10 16:03:44.538 INFO [http-nio-8080-exec-1]o.a.catalina.core.ContainerBase.[Tomcat].[localhost].[/].log:173 -Initializing Spring DispatcherServlet 'dispatcherServlet'
2022-05-10 16:03:44.538 INFO [http-nio-8080-exec-1]org.springframework.web.servlet.DispatcherServlet.initServletBean:525 -Initializing Servlet 'dispatcherServlet'
2022-05-10 16:03:44.546 INFO [http-nio-8080-exec-1]org.springframework.web.servlet.DispatcherServlet.initServletBean:547 -Completed initialization in 8 ms
2022-05-10 16:03:44.559 INFO [http-nio-8080-exec-1]c.coachingmate.intercepter.SessionIntercepter.preHandle:21 -intercepter for all request
2022-05-10 16:03:44.786 INFO [http-nio-8080-exec-2]c.coachingmate.intercepter.SessionIntercepter.preHandle:21 -intercepter for all request
2022-05-10 16:03:44.790 INFO [http-nio-8080-exec-3]c.coachingmate.intercepter.SessionIntercepter.preHandle:21 -intercepter for all request
2022-05-10 16:03:44.847 INFO [http-nio-8080-exec-5]c.coachingmate.intercepter.SessionIntercepter.preHandle:21 -intercepter for all request
2022-05-10 16:03:44.860 INFO [http-nio-8080-exec-9]c.coachingmate.intercepter.SessionIntercepter.preHandle:21 -intercepter for all request
2022-05-10 16:03:44.906 INFO [http-nio-8080-exec-7]c.coachingmate.intercepter.SessionIntercepter.preHandle:21 -intercepter for all request
2022-05-10 16:03:44.906 INFO [http-nio-8080-exec-8]c.coachingmate.intercepter.SessionIntercepter.preHandle:21 -intercepter for all request
2022-05-10 16:03:44.917 INFO [http-nio-8080-exec-8]c.coachingmate.intercepter.SessionIntercepter.preHandle:21 -intercepter for all request
2022-05-10 16:03:44.933 INFO [http-nio-8080-exec-2]c.coachingmate.intercepter.SessionIntercepter.preHandle:21 -intercepter for all request
2022-05-10 16:03:44.937 INFO [http-nio-8080-exec-2]c.coachingmate.intercepter.SessionIntercepter.preHandle:21 -intercepter for all request
2022-05-10 16:03:59.515 INFO [http-nio-8080-exec-3]c.coachingmate.intercepter.SessionIntercepter.preHandle:21 -intercepter for all request
2022-05-10 16:03:59.523 INFO [http-nio-8080-exec-3]coachingmateanalytics.coachingmate.logs.LogAspectHandler.dobefore:40 -===============dobefore============
2022-05-10 16:03:59.524 INFO [http-nio-8080-exec-3]coachingmateanalytics.coachingmate.logs.LogAspectHandler.dobefore:53 -The method to be executed is : retrieveEpochTimeLineByAccessToken, belongs package : coachingmateanalytics.coachingmate.controller.ActivityDataRetrieveController
2022-05-10 16:03:59.525 INFO [http-nio-8080-exec-3]coachingmateanalytics.coachingmate.logs.LogAspectHandler.dobefore:54 -The URL requested by the user is : http://localhost:8080/activity/getEpochTimeLineByAccessToken, IP address is : 0:0:0:0:0:0:0:1
2022-05-10 16:03:59.691 INFO [http-nio-8080-exec-3]org.mongodb.driver.connection.info:71 -Opened connection [connectionId{localValue:4, serverValue:305643}] to cluster0-shard-00-02.9yat6.mongodb.net:27017
2022-05-10 16:04:00.059 INFO [http-nio-8080-exec-3]coachingmateanalytics.coachingmate.logs.LogAspectHandler.doAfter:59 -=================doAftere==================
2022-05-10 16:04:00.059 INFO [http-nio-8080-exec-3]coachingmateanalytics.coachingmate.logs.LogAspectHandler.doAfter:66 -The method retrieveEpochTimeLineByAccessToken has finished executing
2022-05-10 16:04:00.067 INFO [http-nio-8080-exec-3]c.coachingmate.intercepter.SessionIntercepter.preHandle:21 -intercepter for all request
2022-05-10 16:05:54.917 INFO [restartedMain]c.coachingmate.CoachingmateApplication.logStarting:55 -Starting CoachingmateApplication on MS-DFYHKQKTLJZZ with PID 21512 (D:\ProgramProject\Java\lk-redback\target\classes started by Administrator in D:\ProgramProject\Java\lk-redback)
2022-05-10 16:05:54.920 INFO [restartedMain]c.coachingmate.CoachingmateApplication.logStartupProfileInfo:655 -The following profiles are active: dev
2022-05-10 16:05:54.962 INFO [restartedMain]o.s.b.devtools.env.DevToolsPropertyDefaultsPostProcessor.logTo:225 -Devtools property defaults active! Set 'spring.devtools.add-properties' to 'false' to disable
2022-05-10 16:05:54.962 INFO [restartedMain]o.s.b.devtools.env.DevToolsPropertyDefaultsPostProcessor.logTo:225 -For additional web related logging consider setting the 'logging.level.web' property to 'DEBUG'
2022-05-10 16:05:55.826 INFO [restartedMain]o.s.d.repository.config.RepositoryConfigurationDelegate.registerRepositoriesIn:127 -Bootstrapping Spring Data MongoDB repositories in DEFAULT mode.
2022-05-10 16:05:55.849 INFO [restartedMain]o.s.d.repository.config.RepositoryConfigurationDelegate.registerRepositoriesIn:187 -Finished Spring Data repository scanning in 19ms. Found 0 MongoDB repository interfaces.
2022-05-10 16:05:56.478 INFO [restartedMain]o.s.boot.web.embedded.tomcat.TomcatWebServer.initialize:108 -Tomcat initialized with port(s): 8080 (http)
2022-05-10 16:05:56.485 INFO [restartedMain]org.apache.coyote.http11.Http11NioProtocol.log:173 -Initializing ProtocolHandler ["http-nio-8080"]
2022-05-10 16:05:56.486 INFO [restartedMain]org.apache.catalina.core.StandardService.log:173 -Starting service [Tomcat]
2022-05-10 16:05:56.486 INFO [restartedMain]org.apache.catalina.core.StandardEngine.log:173 -Starting Servlet engine: [Apache Tomcat/9.0.37]
2022-05-10 16:05:56.558 INFO [restartedMain]o.a.catalina.core.ContainerBase.[Tomcat].[localhost].[/].log:173 -Initializing Spring embedded WebApplicationContext
2022-05-10 16:05:56.559 INFO [restartedMain]o.s.b.w.s.context.ServletWebServerApplicationContext.prepareWebApplicationContext:285 -Root WebApplicationContext: initialization completed in 1597 ms
2022-05-10 16:05:56.693 INFO [restartedMain]org.mongodb.driver.cluster.info:71 -Cluster created with settings {hosts=[127.0.0.1:27017], srvHost=cluster0.9yat6.mongodb.net, mode=MULTIPLE, requiredClusterType=REPLICA_SET, serverSelectionTimeout='30000 ms', requiredReplicaSetName='atlas-426ffk-shard-0'}
2022-05-10 16:05:56.709 INFO [cluster-ClusterId{value='627a00c4aace6273d85a6014', description='null'}-srv-cluster0.9yat6.mongodb.net]org.mongodb.driver.cluster.info:71 -Adding discovered server cluster0-shard-00-02.9yat6.mongodb.net:27017 to client view of cluster
2022-05-10 16:05:56.733 INFO [cluster-ClusterId{value='627a00c4aace6273d85a6014', description='null'}-srv-cluster0.9yat6.mongodb.net]org.mongodb.driver.cluster.info:71 -Adding discovered server cluster0-shard-00-01.9yat6.mongodb.net:27017 to client view of cluster
2022-05-10 16:05:56.735 INFO [cluster-ClusterId{value='627a00c4aace6273d85a6014', description='null'}-srv-cluster0.9yat6.mongodb.net]org.mongodb.driver.cluster.info:71 -Adding discovered server cluster0-shard-00-00.9yat6.mongodb.net:27017 to client view of cluster
2022-05-10 16:05:57.081 INFO [cluster-ClusterId{value='627a00c4aace6273d85a6014', description='null'}-cluster0-shard-00-00.9yat6.mongodb.net:27017]org.mongodb.driver.connection.info:71 -Opened connection [connectionId{localValue:2, serverValue:302487}] to cluster0-shard-00-00.9yat6.mongodb.net:27017
2022-05-10 16:05:57.081 INFO [cluster-ClusterId{value='627a00c4aace6273d85a6014', description='null'}-cluster0-shard-00-01.9yat6.mongodb.net:27017]org.mongodb.driver.connection.info:71 -Opened connection [connectionId{localValue:3, serverValue:301984}] to cluster0-shard-00-01.9yat6.mongodb.net:27017
2022-05-10 16:05:57.081 INFO [cluster-ClusterId{value='627a00c4aace6273d85a6014', description='null'}-cluster0-shard-00-02.9yat6.mongodb.net:27017]org.mongodb.driver.connection.info:71 -Opened connection [connectionId{localValue:1, serverValue:305698}] to cluster0-shard-00-02.9yat6.mongodb.net:27017
2022-05-10 16:05:57.104 INFO [cluster-ClusterId{value='627a00c4aace6273d85a6014', description='null'}-cluster0-shard-00-00.9yat6.mongodb.net:27017]org.mongodb.driver.cluster.info:71 -Monitor thread successfully connected to server with description ServerDescription{address=cluster0-shard-00-00.9yat6.mongodb.net:27017, type=REPLICA_SET_SECONDARY, state=CONNECTED, ok=true, minWireVersion=0, maxWireVersion=13, maxDocumentSize=16777216, logicalSessionTimeoutMinutes=30, roundTripTimeNanos=18913200, setName='atlas-426ffk-shard-0', canonicalAddress=cluster0-shard-00-00.9yat6.mongodb.net:27017, hosts=[cluster0-shard-00-02.9yat6.mongodb.net:27017, cluster0-shard-00-00.9yat6.mongodb.net:27017, cluster0-shard-00-01.9yat6.mongodb.net:27017], passives=[], arbiters=[], primary='cluster0-shard-00-02.9yat6.mongodb.net:27017', tagSet=TagSet{[Tag{name='nodeType', value='ELECTABLE'}, Tag{name='provider', value='AWS'}, Tag{name='region', value='AP_SOUTHEAST_2'}, Tag{name='workloadType', value='OPERATIONAL'}]}, electionId=null, setVersion=6, lastWriteDate=Tue May 10 16:05:57 AEST 2022, lastUpdateTimeNanos=27231596083100}
2022-05-10 16:05:57.104 INFO [cluster-ClusterId{value='627a00c4aace6273d85a6014', description='null'}-cluster0-shard-00-02.9yat6.mongodb.net:27017]org.mongodb.driver.cluster.info:71 -Monitor thread successfully connected to server with description ServerDescription{address=cluster0-shard-00-02.9yat6.mongodb.net:27017, type=REPLICA_SET_PRIMARY, state=CONNECTED, ok=true, minWireVersion=0, maxWireVersion=13, maxDocumentSize=16777216, logicalSessionTimeoutMinutes=30, roundTripTimeNanos=18964900, setName='atlas-426ffk-shard-0', canonicalAddress=cluster0-shard-00-02.9yat6.mongodb.net:27017, hosts=[cluster0-shard-00-02.9yat6.mongodb.net:27017, cluster0-shard-00-00.9yat6.mongodb.net:27017, cluster0-shard-00-01.9yat6.mongodb.net:27017], passives=[], arbiters=[], primary='cluster0-shard-00-02.9yat6.mongodb.net:27017', tagSet=TagSet{[Tag{name='nodeType', value='ELECTABLE'}, Tag{name='provider', value='AWS'}, Tag{name='region', value='AP_SOUTHEAST_2'}, Tag{name='workloadType', value='OPERATIONAL'}]}, electionId=7fffffff000000000000003f, setVersion=6, lastWriteDate=Tue May 10 16:05:57 AEST 2022, lastUpdateTimeNanos=27231596083200}
2022-05-10 16:05:57.104 INFO [cluster-ClusterId{value='627a00c4aace6273d85a6014', description='null'}-cluster0-shard-00-01.9yat6.mongodb.net:27017]org.mongodb.driver.cluster.info:71 -Monitor thread successfully connected to server with description ServerDescription{address=cluster0-shard-00-01.9yat6.mongodb.net:27017, type=REPLICA_SET_SECONDARY, state=CONNECTED, ok=true, minWireVersion=0, maxWireVersion=13, maxDocumentSize=16777216, logicalSessionTimeoutMinutes=30, roundTripTimeNanos=18897600, setName='atlas-426ffk-shard-0', canonicalAddress=cluster0-shard-00-01.9yat6.mongodb.net:27017, hosts=[cluster0-shard-00-02.9yat6.mongodb.net:27017, cluster0-shard-00-00.9yat6.mongodb.net:27017, cluster0-shard-00-01.9yat6.mongodb.net:27017], passives=[], arbiters=[], primary='cluster0-shard-00-02.9yat6.mongodb.net:27017', tagSet=TagSet{[Tag{name='nodeType', value='ELECTABLE'}, Tag{name='provider', value='AWS'}, Tag{name='region', value='AP_SOUTHEAST_2'}, Tag{name='workloadType', value='OPERATIONAL'}]}, electionId=null, setVersion=6, lastWriteDate=Tue May 10 16:05:57 AEST 2022, lastUpdateTimeNanos=27231596083200}
2022-05-10 16:05:57.107 INFO [cluster-ClusterId{value='627a00c4aace6273d85a6014', description='null'}-cluster0-shard-00-02.9yat6.mongodb.net:27017]org.mongodb.driver.cluster.info:71 -Setting max election id to 7fffffff000000000000003f from replica set primary cluster0-shard-00-02.9yat6.mongodb.net:27017
2022-05-10 16:05:57.107 INFO [cluster-ClusterId{value='627a00c4aace6273d85a6014', description='null'}-cluster0-shard-00-02.9yat6.mongodb.net:27017]org.mongodb.driver.cluster.info:71 -Setting max set version to 6 from replica set primary cluster0-shard-00-02.9yat6.mongodb.net:27017
2022-05-10 16:05:57.107 INFO [cluster-ClusterId{value='627a00c4aace6273d85a6014', description='null'}-cluster0-shard-00-02.9yat6.mongodb.net:27017]org.mongodb.driver.cluster.info:71 -Discovered replica set primary cluster0-shard-00-02.9yat6.mongodb.net:27017
2022-05-10 16:05:57.612 INFO [restartedMain]s.d.s.web.PropertySourcedRequestMappingHandlerMapping.initHandlerMethods:69 -Mapped URL path [/v2/api-docs] onto method [springfox.documentation.swagger2.web.Swagger2Controller#getDocumentation(String, HttpServletRequest)]
2022-05-10 16:05:57.776 INFO [restartedMain]o.s.scheduling.concurrent.ThreadPoolTaskExecutor.initialize:181 -Initializing ExecutorService 'applicationTaskExecutor'
2022-05-10 16:05:57.841 INFO [restartedMain]o.s.boot.devtools.autoconfigure.OptionalLiveReloadServer.startServer:58 -LiveReload server is running on port 35729
2022-05-10 16:05:57.869 INFO [restartedMain]o.s.b.a.web.servlet.WelcomePageHandlerMapping.<init>:58 -Adding welcome page template: index
2022-05-10 16:05:58.043 INFO [restartedMain]org.apache.coyote.http11.Http11NioProtocol.log:173 -Starting ProtocolHandler ["http-nio-8080"]
2022-05-10 16:05:58.070 INFO [restartedMain]o.s.boot.web.embedded.tomcat.TomcatWebServer.start:220 -Tomcat started on port(s): 8080 (http) with context path ''
2022-05-10 16:05:58.072 INFO [restartedMain]s.d.spring.web.plugins.DocumentationPluginsBootstrapper.start:160 -Context refreshed
2022-05-10 16:05:58.085 INFO [restartedMain]s.d.spring.web.plugins.DocumentationPluginsBootstrapper.start:163 -Found 1 custom documentation plugin(s)
2022-05-10 16:05:58.107 INFO [restartedMain]s.d.spring.web.scanners.ApiListingReferenceScanner.scan:41 -Scanning for api listing references
2022-05-10 16:05:58.316 INFO [restartedMain]c.coachingmate.CoachingmateApplication.logStarted:61 -Started CoachingmateApplication in 3.75 seconds (JVM running for 4.404)
2022-05-10 16:08:48.994 INFO [restartedMain]c.coachingmate.CoachingmateApplication.logStarting:55 -Starting CoachingmateApplication on MS-DFYHKQKTLJZZ with PID 10024 (D:\ProgramProject\Java\lk-redback\target\classes started by Administrator in D:\ProgramProject\Java\lk-redback)
2022-05-10 16:08:48.997 INFO [restartedMain]c.coachingmate.CoachingmateApplication.logStartupProfileInfo:655 -The following profiles are active: dev
2022-05-10 16:08:49.073 INFO [restartedMain]o.s.b.devtools.env.DevToolsPropertyDefaultsPostProcessor.logTo:225 -Devtools property defaults active! Set 'spring.devtools.add-properties' to 'false' to disable
2022-05-10 16:08:49.074 INFO [restartedMain]o.s.b.devtools.env.DevToolsPropertyDefaultsPostProcessor.logTo:225 -For additional web related logging consider setting the 'logging.level.web' property to 'DEBUG'
2022-05-10 16:08:49.764 INFO [restartedMain]o.s.d.repository.config.RepositoryConfigurationDelegate.registerRepositoriesIn:127 -Bootstrapping Spring Data MongoDB repositories in DEFAULT mode.
2022-05-10 16:08:49.782 INFO [restartedMain]o.s.d.repository.config.RepositoryConfigurationDelegate.registerRepositoriesIn:187 -Finished Spring Data repository scanning in 15ms. Found 0 MongoDB repository interfaces.
2022-05-10 16:08:50.369 INFO [restartedMain]o.s.boot.web.embedded.tomcat.TomcatWebServer.initialize:108 -Tomcat initialized with port(s): 8080 (http)
2022-05-10 16:08:50.375 INFO [restartedMain]org.apache.coyote.http11.Http11NioProtocol.log:173 -Initializing ProtocolHandler ["http-nio-8080"]
2022-05-10 16:08:50.375 INFO [restartedMain]org.apache.catalina.core.StandardService.log:173 -Starting service [Tomcat]
2022-05-10 16:08:50.376 INFO [restartedMain]org.apache.catalina.core.StandardEngine.log:173 -Starting Servlet engine: [Apache Tomcat/9.0.37]
2022-05-10 16:08:50.457 INFO [restartedMain]o.a.catalina.core.ContainerBase.[Tomcat].[localhost].[/].log:173 -Initializing Spring embedded WebApplicationContext
2022-05-10 16:08:50.457 INFO [restartedMain]o.s.b.w.s.context.ServletWebServerApplicationContext.prepareWebApplicationContext:285 -Root WebApplicationContext: initialization completed in 1382 ms
2022-05-10 16:08:50.603 INFO [restartedMain]org.mongodb.driver.cluster.info:71 -Cluster created with settings {hosts=[127.0.0.1:27017], srvHost=cluster0.9yat6.mongodb.net, mode=MULTIPLE, requiredClusterType=REPLICA_SET, serverSelectionTimeout='30000 ms', requiredReplicaSetName='atlas-426ffk-shard-0'}
2022-05-10 16:08:50.621 INFO [cluster-ClusterId{value='627a0172062caa5dc9e94f1b', description='null'}-srv-cluster0.9yat6.mongodb.net]org.mongodb.driver.cluster.info:71 -Adding discovered server cluster0-shard-00-02.9yat6.mongodb.net:27017 to client view of cluster
2022-05-10 16:08:50.647 INFO [cluster-ClusterId{value='627a0172062caa5dc9e94f1b', description='null'}-srv-cluster0.9yat6.mongodb.net]org.mongodb.driver.cluster.info:71 -Adding discovered server cluster0-shard-00-01.9yat6.mongodb.net:27017 to client view of cluster
2022-05-10 16:08:50.648 INFO [cluster-ClusterId{value='627a0172062caa5dc9e94f1b', description='null'}-srv-cluster0.9yat6.mongodb.net]org.mongodb.driver.cluster.info:71 -Adding discovered server cluster0-shard-00-00.9yat6.mongodb.net:27017 to client view of cluster
2022-05-10 16:08:51.022 INFO [cluster-ClusterId{value='627a0172062caa5dc9e94f1b', description='null'}-cluster0-shard-00-00.9yat6.mongodb.net:27017]org.mongodb.driver.connection.info:71 -Opened connection [connectionId{localValue:3, serverValue:302563}] to cluster0-shard-00-00.9yat6.mongodb.net:27017
2022-05-10 16:08:51.022 INFO [cluster-ClusterId{value='627a0172062caa5dc9e94f1b', description='null'}-cluster0-shard-00-01.9yat6.mongodb.net:27017]org.mongodb.driver.connection.info:71 -Opened connection [connectionId{localValue:2, serverValue:302021}] to cluster0-shard-00-01.9yat6.mongodb.net:27017
2022-05-10 16:08:51.022 INFO [cluster-ClusterId{value='627a0172062caa5dc9e94f1b', description='null'}-cluster0-shard-00-02.9yat6.mongodb.net:27017]org.mongodb.driver.connection.info:71 -Opened connection [connectionId{localValue:1, serverValue:305574}] to cluster0-shard-00-02.9yat6.mongodb.net:27017
2022-05-10 16:08:51.044 INFO [cluster-ClusterId{value='627a0172062caa5dc9e94f1b', description='null'}-cluster0-shard-00-02.9yat6.mongodb.net:27017]org.mongodb.driver.cluster.info:71 -Monitor thread successfully connected to server with description ServerDescription{address=cluster0-shard-00-02.9yat6.mongodb.net:27017, type=REPLICA_SET_PRIMARY, state=CONNECTED, ok=true, minWireVersion=0, maxWireVersion=13, maxDocumentSize=16777216, logicalSessionTimeoutMinutes=30, roundTripTimeNanos=19182300, setName='atlas-426ffk-shard-0', canonicalAddress=cluster0-shard-00-02.9yat6.mongodb.net:27017, hosts=[cluster0-shard-00-02.9yat6.mongodb.net:27017, cluster0-shard-00-00.9yat6.mongodb.net:27017, cluster0-shard-00-01.9yat6.mongodb.net:27017], passives=[], arbiters=[], primary='cluster0-shard-00-02.9yat6.mongodb.net:27017', tagSet=TagSet{[Tag{name='nodeType', value='ELECTABLE'}, Tag{name='provider', value='AWS'}, Tag{name='region', value='AP_SOUTHEAST_2'}, Tag{name='workloadType', value='OPERATIONAL'}]}, electionId=7fffffff000000000000003f, setVersion=6, lastWriteDate=Tue May 10 16:08:51 AEST 2022, lastUpdateTimeNanos=27405537472300}
2022-05-10 16:08:51.044 INFO [cluster-ClusterId{value='627a0172062caa5dc9e94f1b', description='null'}-cluster0-shard-00-00.9yat6.mongodb.net:27017]org.mongodb.driver.cluster.info:71 -Monitor thread successfully connected to server with description ServerDescription{address=cluster0-shard-00-00.9yat6.mongodb.net:27017, type=REPLICA_SET_SECONDARY, state=CONNECTED, ok=true, minWireVersion=0, maxWireVersion=13, maxDocumentSize=16777216, logicalSessionTimeoutMinutes=30, roundTripTimeNanos=19186300, setName='atlas-426ffk-shard-0', canonicalAddress=cluster0-shard-00-00.9yat6.mongodb.net:27017, hosts=[cluster0-shard-00-02.9yat6.mongodb.net:27017, cluster0-shard-00-00.9yat6.mongodb.net:27017, cluster0-shard-00-01.9yat6.mongodb.net:27017], passives=[], arbiters=[], primary='cluster0-shard-00-02.9yat6.mongodb.net:27017', tagSet=TagSet{[Tag{name='nodeType', value='ELECTABLE'}, Tag{name='provider', value='AWS'}, Tag{name='region', value='AP_SOUTHEAST_2'}, Tag{name='workloadType', value='OPERATIONAL'}]}, electionId=null, setVersion=6, lastWriteDate=Tue May 10 16:08:51 AEST 2022, lastUpdateTimeNanos=27405537472500}
2022-05-10 16:08:51.044 INFO [cluster-ClusterId{value='627a0172062caa5dc9e94f1b', description='null'}-cluster0-shard-00-01.9yat6.mongodb.net:27017]org.mongodb.driver.cluster.info:71 -Monitor thread successfully connected to server with description ServerDescription{address=cluster0-shard-00-01.9yat6.mongodb.net:27017, type=REPLICA_SET_SECONDARY, state=CONNECTED, ok=true, minWireVersion=0, maxWireVersion=13, maxDocumentSize=16777216, logicalSessionTimeoutMinutes=30, roundTripTimeNanos=19167700, setName='atlas-426ffk-shard-0', canonicalAddress=cluster0-shard-00-01.9yat6.mongodb.net:27017, hosts=[cluster0-shard-00-02.9yat6.mongodb.net:27017, cluster0-shard-00-00.9yat6.mongodb.net:27017, cluster0-shard-00-01.9yat6.mongodb.net:27017], passives=[], arbiters=[], primary='cluster0-shard-00-02.9yat6.mongodb.net:27017', tagSet=TagSet{[Tag{name='nodeType', value='ELECTABLE'}, Tag{name='provider', value='AWS'}, Tag{name='region', value='AP_SOUTHEAST_2'}, Tag{name='workloadType', value='OPERATIONAL'}]}, electionId=null, setVersion=6, lastWriteDate=Tue May 10 16:08:51 AEST 2022, lastUpdateTimeNanos=27405537472400}
2022-05-10 16:08:51.046 INFO [cluster-ClusterId{value='627a0172062caa5dc9e94f1b', description='null'}-cluster0-shard-00-02.9yat6.mongodb.net:27017]org.mongodb.driver.cluster.info:71 -Setting max election id to 7fffffff000000000000003f from replica set primary cluster0-shard-00-02.9yat6.mongodb.net:27017
2022-05-10 16:08:51.046 INFO [cluster-ClusterId{value='627a0172062caa5dc9e94f1b', description='null'}-cluster0-shard-00-02.9yat6.mongodb.net:27017]org.mongodb.driver.cluster.info:71 -Setting max set version to 6 from replica set primary cluster0-shard-00-02.9yat6.mongodb.net:27017
2022-05-10 16:08:51.047 INFO [cluster-ClusterId{value='627a0172062caa5dc9e94f1b', description='null'}-cluster0-shard-00-02.9yat6.mongodb.net:27017]org.mongodb.driver.cluster.info:71 -Discovered replica set primary cluster0-shard-00-02.9yat6.mongodb.net:27017
2022-05-10 16:08:51.583 INFO [restartedMain]s.d.s.web.PropertySourcedRequestMappingHandlerMapping.initHandlerMethods:69 -Mapped URL path [/v2/api-docs] onto method [springfox.documentation.swagger2.web.Swagger2Controller#getDocumentation(String, HttpServletRequest)]
2022-05-10 16:08:51.768 INFO [restartedMain]o.s.scheduling.concurrent.ThreadPoolTaskExecutor.initialize:181 -Initializing ExecutorService 'applicationTaskExecutor'
2022-05-10 16:08:51.845 INFO [restartedMain]o.s.boot.devtools.autoconfigure.OptionalLiveReloadServer.startServer:58 -LiveReload server is running on port 35729
2022-05-10 16:08:51.877 INFO [restartedMain]o.s.b.a.web.servlet.WelcomePageHandlerMapping.<init>:58 -Adding welcome page template: index
2022-05-10 16:08:52.070 INFO [restartedMain]org.apache.coyote.http11.Http11NioProtocol.log:173 -Starting ProtocolHandler ["http-nio-8080"]
2022-05-10 16:08:52.096 INFO [restartedMain]o.s.boot.web.embedded.tomcat.TomcatWebServer.start:220 -Tomcat started on port(s): 8080 (http) with context path ''
2022-05-10 16:08:52.097 INFO [restartedMain]s.d.spring.web.plugins.DocumentationPluginsBootstrapper.start:160 -Context refreshed
2022-05-10 16:08:52.112 INFO [restartedMain]s.d.spring.web.plugins.DocumentationPluginsBootstrapper.start:163 -Found 1 custom documentation plugin(s)
2022-05-10 16:08:52.132 INFO [restartedMain]s.d.spring.web.scanners.ApiListingReferenceScanner.scan:41 -Scanning for api listing references
2022-05-10 16:08:52.350 INFO [restartedMain]c.coachingmate.CoachingmateApplication.logStarted:61 -Started CoachingmateApplication in 3.684 seconds (JVM running for 4.367)
2022-05-10 16:08:58.637 INFO [http-nio-8080-exec-1]o.a.catalina.core.ContainerBase.[Tomcat].[localhost].[/].log:173 -Initializing Spring DispatcherServlet 'dispatcherServlet'
2022-05-10 16:08:58.638 INFO [http-nio-8080-exec-1]org.springframework.web.servlet.DispatcherServlet.initServletBean:525 -Initializing Servlet 'dispatcherServlet'
2022-05-10 16:08:58.646 INFO [http-nio-8080-exec-1]org.springframework.web.servlet.DispatcherServlet.initServletBean:547 -Completed initialization in 8 ms
2022-05-10 16:08:58.659 INFO [http-nio-8080-exec-1]c.coachingmate.intercepter.SessionIntercepter.preHandle:21 -intercepter for all request
2022-05-10 16:08:58.936 INFO [http-nio-8080-exec-2]c.coachingmate.intercepter.SessionIntercepter.preHandle:21 -intercepter for all request
2022-05-10 16:08:58.939 INFO [http-nio-8080-exec-3]c.coachingmate.intercepter.SessionIntercepter.preHandle:21 -intercepter for all request
2022-05-10 16:08:58.992 INFO [http-nio-8080-exec-5]c.coachingmate.intercepter.SessionIntercepter.preHandle:21 -intercepter for all request
2022-05-10 16:08:59.007 INFO [http-nio-8080-exec-7]c.coachingmate.intercepter.SessionIntercepter.preHandle:21 -intercepter for all request
2022-05-10 16:08:59.051 INFO [http-nio-8080-exec-9]c.coachingmate.intercepter.SessionIntercepter.preHandle:21 -intercepter for all request
2022-05-10 16:08:59.051 INFO [http-nio-8080-exec-10]c.coachingmate.intercepter.SessionIntercepter.preHandle:21 -intercepter for all request
2022-05-10 16:08:59.059 INFO [http-nio-8080-exec-10]c.coachingmate.intercepter.SessionIntercepter.preHandle:21 -intercepter for all request
2022-05-10 16:08:59.074 INFO [http-nio-8080-exec-2]c.coachingmate.intercepter.SessionIntercepter.preHandle:21 -intercepter for all request
2022-05-10 16:08:59.077 INFO [http-nio-8080-exec-2]c.coachingmate.intercepter.SessionIntercepter.preHandle:21 -intercepter for all request
2022-05-10 16:09:16.163 INFO [http-nio-8080-exec-3]c.coachingmate.intercepter.SessionIntercepter.preHandle:21 -intercepter for all request
2022-05-10 16:09:16.171 INFO [http-nio-8080-exec-3]coachingmateanalytics.coachingmate.logs.LogAspectHandler.dobefore:40 -===============dobefore============
2022-05-10 16:09:16.172 INFO [http-nio-8080-exec-3]coachingmateanalytics.coachingmate.logs.LogAspectHandler.dobefore:53 -The method to be executed is : retrieveEpochTimeLineByAccessToken, belongs package : coachingmateanalytics.coachingmate.controller.ActivityDataRetrieveController
2022-05-10 16:09:16.172 INFO [http-nio-8080-exec-3]coachingmateanalytics.coachingmate.logs.LogAspectHandler.dobefore:54 -The URL requested by the user is : http://localhost:8080/activity/getEpochTimeLineByAccessToken, IP address is : 0:0:0:0:0:0:0:1
2022-05-10 16:09:16.337 INFO [http-nio-8080-exec-3]org.mongodb.driver.connection.info:71 -Opened connection [connectionId{localValue:4, serverValue:305574}] to cluster0-shard-00-02.9yat6.mongodb.net:27017
2022-05-10 16:09:16.725 INFO [http-nio-8080-exec-3]coachingmateanalytics.coachingmate.logs.LogAspectHandler.doAfterReturning:72 -The method retrieveEpochTimeLineByAccessToken has finished executing, The return parameter is :<200 OK OK,[Document{{date=2022/04/28, calories=885, distance=6523.849999999999}}, Document{{date=2022/04/28, calories=0, distance=14.06}}, Document{{date=2022/04/27, calories=0, distance=0.0}}, Document{{date=2022/04/26, calories=0, distance=0.0}}, Document{{date=2022/04/25, calories=363, distance=2527.91}}, Document{{date=2022/04/24, calories=647, distance=5883.900000000001}}, Document{{date=2022/04/23, calories=1248, distance=17787.14}}, Document{{date=2022/04/22, calories=1028, distance=12320.81}}, Document{{date=2022/04/21, calories=0, distance=0.0}}, Document{{date=2022/04/20, calories=0, distance=0.0}}, Document{{date=2022/04/19, calories=0, distance=0.0}}, Document{{date=2022/04/18, calories=1206, distance=11926.759999999998}}, Document{{date=2022/04/17, calories=464, distance=6324.43}}],[]>
2022-05-10 16:09:16.726 INFO [http-nio-8080-exec-3]coachingmateanalytics.coachingmate.logs.LogAspectHandler.doAfter:59 -=================doAftere==================
2022-05-10 16:09:16.726 INFO [http-nio-8080-exec-3]coachingmateanalytics.coachingmate.logs.LogAspectHandler.doAfter:66 -The method retrieveEpochTimeLineByAccessToken has finished executing
